[2023-12-01 20:50:43] local.ERROR: The "--columns" option does not exist. {"exception":"[object] (Symfony\\Component\\Console\\Exception\\RuntimeException(code: 0): The \"--columns\" option does not exist. at C:\\2023\\DEVinHOUSE\\laravel\\sem08.Robert\\laravel-pets-api-controllers\\api_pets\\vendor\\symfony\\console\\Input\\ArgvInput.php:223)
[stacktrace]
#0 C:\\2023\\DEVinHOUSE\\laravel\\sem08.Robert\\laravel-pets-api-controllers\\api_pets\\vendor\\symfony\\console\\Input\\ArgvInput.php(150): Symfony\\Component\\Console\\Input\\ArgvInput->addLongOption('columns', 'name,action')
#1 C:\\2023\\DEVinHOUSE\\laravel\\sem08.Robert\\laravel-pets-api-controllers\\api_pets\\vendor\\symfony\\console\\Input\\ArgvInput.php(85): Symfony\\Component\\Console\\Input\\ArgvInput->parseLongOption('--columns=name,...')
#2 C:\\2023\\DEVinHOUSE\\laravel\\sem08.Robert\\laravel-pets-api-controllers\\api_pets\\vendor\\symfony\\console\\Input\\ArgvInput.php(74): Symfony\\Component\\Console\\Input\\ArgvInput->parseToken('--columns=name,...', true)
#3 C:\\2023\\DEVinHOUSE\\laravel\\sem08.Robert\\laravel-pets-api-controllers\\api_pets\\vendor\\symfony\\console\\Input\\Input.php(56): Symfony\\Component\\Console\\Input\\ArgvInput->parse()
#4 C:\\2023\\DEVinHOUSE\\laravel\\sem08.Robert\\laravel-pets-api-controllers\\api_pets\\vendor\\symfony\\console\\Command\\Command.php(285): Symfony\\Component\\Console\\Input\\Input->bind(Object(Symfony\\Component\\Console\\Input\\InputDefinition))
#5 C:\\2023\\DEVinHOUSE\\laravel\\sem08.Robert\\laravel-pets-api-controllers\\api_pets\\vendor\\laravel\\framework\\src\\Illuminate\\Console\\Command.php(180): Symfony\\Component\\Console\\Command\\Command->run(Object(Symfony\\Component\\Console\\Input\\ArgvInput), Object(Illuminate\\Console\\OutputStyle))
#6 C:\\2023\\DEVinHOUSE\\laravel\\sem08.Robert\\laravel-pets-api-controllers\\api_pets\\vendor\\symfony\\console\\Application.php(1096): Illuminate\\Console\\Command->run(Object(Symfony\\Component\\Console\\Input\\ArgvInput), Object(Symfony\\Component\\Console\\Output\\ConsoleOutput))
#7 C:\\2023\\DEVinHOUSE\\laravel\\sem08.Robert\\laravel-pets-api-controllers\\api_pets\\vendor\\symfony\\console\\Application.php(324): Symfony\\Component\\Console\\Application->doRunCommand(Object(Illuminate\\Foundation\\Console\\RouteListCommand), Object(Symfony\\Component\\Console\\Input\\ArgvInput), Object(Symfony\\Component\\Console\\Output\\ConsoleOutput))
#8 C:\\2023\\DEVinHOUSE\\laravel\\sem08.Robert\\laravel-pets-api-controllers\\api_pets\\vendor\\symfony\\console\\Application.php(175): Symfony\\Component\\Console\\Application->doRun(Object(Symfony\\Component\\Console\\Input\\ArgvInput), Object(Symfony\\Component\\Console\\Output\\ConsoleOutput))
#9 C:\\2023\\DEVinHOUSE\\laravel\\sem08.Robert\\laravel-pets-api-controllers\\api_pets\\vendor\\laravel\\framework\\src\\Illuminate\\Foundation\\Console\\Kernel.php(201): Symfony\\Component\\Console\\Application->run(Object(Symfony\\Component\\Console\\Input\\ArgvInput), Object(Symfony\\Component\\Console\\Output\\ConsoleOutput))
#10 C:\\2023\\DEVinHOUSE\\laravel\\sem08.Robert\\laravel-pets-api-controllers\\api_pets\\artisan(35): Illuminate\\Foundation\\Console\\Kernel->handle(Object(Symfony\\Component\\Console\\Input\\ArgvInput), Object(Symfony\\Component\\Console\\Output\\ConsoleOutput))
#11 {main}
"} 
[2023-12-01 21:49:20] local.ERROR: Unmatched '}' {"exception":"[object] (ParseError(code: 0): Unmatched '}' at C:\\2023\\DEVinHOUSE\\laravel\\sem08.Robert\\laravel-pets-api-controllers\\api_pets\\routes\\api.php:18)
[stacktrace]
#0 C:\\2023\\DEVinHOUSE\\laravel\\sem08.Robert\\laravel-pets-api-controllers\\api_pets\\vendor\\laravel\\framework\\src\\Illuminate\\Routing\\Router.php(504): Illuminate\\Routing\\RouteFileRegistrar->register('C:\\\\2023\\\\DEVinHO...')
#1 C:\\2023\\DEVinHOUSE\\laravel\\sem08.Robert\\laravel-pets-api-controllers\\api_pets\\vendor\\laravel\\framework\\src\\Illuminate\\Routing\\Router.php(458): Illuminate\\Routing\\Router->loadRoutes('C:\\\\2023\\\\DEVinHO...')
#2 C:\\2023\\DEVinHOUSE\\laravel\\sem08.Robert\\laravel-pets-api-controllers\\api_pets\\vendor\\laravel\\framework\\src\\Illuminate\\Routing\\RouteRegistrar.php(194): Illuminate\\Routing\\Router->group(Array, 'C:\\\\2023\\\\DEVinHO...')
#3 C:\\2023\\DEVinHOUSE\\laravel\\sem08.Robert\\laravel-pets-api-controllers\\api_pets\\app\\Providers\\RouteServiceProvider.php(34): Illuminate\\Routing\\RouteRegistrar->group('C:\\\\2023\\\\DEVinHO...')
#4 C:\\2023\\DEVinHOUSE\\laravel\\sem08.Robert\\laravel-pets-api-controllers\\api_pets\\vendor\\laravel\\framework\\src\\Illuminate\\Container\\BoundMethod.php(36): App\\Providers\\RouteServiceProvider->App\\Providers\\{closure}()
#5 C:\\2023\\DEVinHOUSE\\laravel\\sem08.Robert\\laravel-pets-api-controllers\\api_pets\\vendor\\laravel\\framework\\src\\Illuminate\\Container\\Util.php(41): Illuminate\\Container\\BoundMethod::Illuminate\\Container\\{closure}()
#6 C:\\2023\\DEVinHOUSE\\laravel\\sem08.Robert\\laravel-pets-api-controllers\\api_pets\\vendor\\laravel\\framework\\src\\Illuminate\\Container\\BoundMethod.php(81): Illuminate\\Container\\Util::unwrapIfClosure(Object(Closure))
#7 C:\\2023\\DEVinHOUSE\\laravel\\sem08.Robert\\laravel-pets-api-controllers\\api_pets\\vendor\\laravel\\framework\\src\\Illuminate\\Container\\BoundMethod.php(35): Illuminate\\Container\\BoundMethod::callBoundMethod(Object(Illuminate\\Foundation\\Application), Object(Closure), Object(Closure))
#8 C:\\2023\\DEVinHOUSE\\laravel\\sem08.Robert\\laravel-pets-api-controllers\\api_pets\\vendor\\laravel\\framework\\src\\Illuminate\\Container\\Container.php(662): Illuminate\\Container\\BoundMethod::call(Object(Illuminate\\Foundation\\Application), Object(Closure), Array, NULL)
#9 C:\\2023\\DEVinHOUSE\\laravel\\sem08.Robert\\laravel-pets-api-controllers\\api_pets\\vendor\\laravel\\framework\\src\\Illuminate\\Foundation\\Support\\Providers\\RouteServiceProvider.php(120): Illuminate\\Container\\Container->call(Object(Closure))
#10 C:\\2023\\DEVinHOUSE\\laravel\\sem08.Robert\\laravel-pets-api-controllers\\api_pets\\vendor\\laravel\\framework\\src\\Illuminate\\Foundation\\Support\\Providers\\RouteServiceProvider.php(45): Illuminate\\Foundation\\Support\\Providers\\RouteServiceProvider->loadRoutes()
#11 C:\\2023\\DEVinHOUSE\\laravel\\sem08.Robert\\laravel-pets-api-controllers\\api_pets\\vendor\\laravel\\framework\\src\\Illuminate\\Container\\BoundMethod.php(36): Illuminate\\Foundation\\Support\\Providers\\RouteServiceProvider->Illuminate\\Foundation\\Support\\Providers\\{closure}()
#12 C:\\2023\\DEVinHOUSE\\laravel\\sem08.Robert\\laravel-pets-api-controllers\\api_pets\\vendor\\laravel\\framework\\src\\Illuminate\\Container\\Util.php(41): Illuminate\\Container\\BoundMethod::Illuminate\\Container\\{closure}()
#13 C:\\2023\\DEVinHOUSE\\laravel\\sem08.Robert\\laravel-pets-api-controllers\\api_pets\\vendor\\laravel\\framework\\src\\Illuminate\\Container\\BoundMethod.php(81): Illuminate\\Container\\Util::unwrapIfClosure(Object(Closure))
#14 C:\\2023\\DEVinHOUSE\\laravel\\sem08.Robert\\laravel-pets-api-controllers\\api_pets\\vendor\\laravel\\framework\\src\\Illuminate\\Container\\BoundMethod.php(35): Illuminate\\Container\\BoundMethod::callBoundMethod(Object(Illuminate\\Foundation\\Application), Object(Closure), Object(Closure))
#15 C:\\2023\\DEVinHOUSE\\laravel\\sem08.Robert\\laravel-pets-api-controllers\\api_pets\\vendor\\laravel\\framework\\src\\Illuminate\\Container\\Container.php(662): Illuminate\\Container\\BoundMethod::call(Object(Illuminate\\Foundation\\Application), Object(Closure), Array, NULL)
#16 C:\\2023\\DEVinHOUSE\\laravel\\sem08.Robert\\laravel-pets-api-controllers\\api_pets\\vendor\\laravel\\framework\\src\\Illuminate\\Support\\ServiceProvider.php(119): Illuminate\\Container\\Container->call(Object(Closure))
#17 C:\\2023\\DEVinHOUSE\\laravel\\sem08.Robert\\laravel-pets-api-controllers\\api_pets\\vendor\\laravel\\framework\\src\\Illuminate\\Foundation\\Application.php(1031): Illuminate\\Support\\ServiceProvider->callBootedCallbacks()
#18 C:\\2023\\DEVinHOUSE\\laravel\\sem08.Robert\\laravel-pets-api-controllers\\api_pets\\vendor\\laravel\\framework\\src\\Illuminate\\Foundation\\Application.php(1009): Illuminate\\Foundation\\Application->bootProvider(Object(App\\Providers\\RouteServiceProvider))
#19 [internal function]: Illuminate\\Foundation\\Application->Illuminate\\Foundation\\{closure}(Object(App\\Providers\\RouteServiceProvider), 23)
#20 C:\\2023\\DEVinHOUSE\\laravel\\sem08.Robert\\laravel-pets-api-controllers\\api_pets\\vendor\\laravel\\framework\\src\\Illuminate\\Foundation\\Application.php(1008): array_walk(Array, Object(Closure))
#21 C:\\2023\\DEVinHOUSE\\laravel\\sem08.Robert\\laravel-pets-api-controllers\\api_pets\\vendor\\laravel\\framework\\src\\Illuminate\\Foundation\\Bootstrap\\BootProviders.php(17): Illuminate\\Foundation\\Application->boot()
#22 C:\\2023\\DEVinHOUSE\\laravel\\sem08.Robert\\laravel-pets-api-controllers\\api_pets\\vendor\\laravel\\framework\\src\\Illuminate\\Foundation\\Application.php(261): Illuminate\\Foundation\\Bootstrap\\BootProviders->bootstrap(Object(Illuminate\\Foundation\\Application))
#23 C:\\2023\\DEVinHOUSE\\laravel\\sem08.Robert\\laravel-pets-api-controllers\\api_pets\\vendor\\laravel\\framework\\src\\Illuminate\\Foundation\\Console\\Kernel.php(447): Illuminate\\Foundation\\Application->bootstrapWith(Array)
#24 C:\\2023\\DEVinHOUSE\\laravel\\sem08.Robert\\laravel-pets-api-controllers\\api_pets\\vendor\\laravel\\framework\\src\\Illuminate\\Foundation\\Console\\Kernel.php(199): Illuminate\\Foundation\\Console\\Kernel->bootstrap()
#25 C:\\2023\\DEVinHOUSE\\laravel\\sem08.Robert\\laravel-pets-api-controllers\\api_pets\\artisan(35): Illuminate\\Foundation\\Console\\Kernel->handle(Object(Symfony\\Component\\Console\\Input\\ArgvInput), Object(Symfony\\Component\\Console\\Output\\ConsoleOutput))
#26 {main}
"} 
[2023-12-01 21:49:22] local.ERROR: Unmatched '}' {"exception":"[object] (ParseError(code: 0): Unmatched '}' at C:\\2023\\DEVinHOUSE\\laravel\\sem08.Robert\\laravel-pets-api-controllers\\api_pets\\routes\\api.php:18)
[stacktrace]
#0 C:\\2023\\DEVinHOUSE\\laravel\\sem08.Robert\\laravel-pets-api-controllers\\api_pets\\vendor\\laravel\\framework\\src\\Illuminate\\Routing\\Router.php(504): Illuminate\\Routing\\RouteFileRegistrar->register('C:\\\\2023\\\\DEVinHO...')
#1 C:\\2023\\DEVinHOUSE\\laravel\\sem08.Robert\\laravel-pets-api-controllers\\api_pets\\vendor\\laravel\\framework\\src\\Illuminate\\Routing\\Router.php(458): Illuminate\\Routing\\Router->loadRoutes('C:\\\\2023\\\\DEVinHO...')
#2 C:\\2023\\DEVinHOUSE\\laravel\\sem08.Robert\\laravel-pets-api-controllers\\api_pets\\vendor\\laravel\\framework\\src\\Illuminate\\Routing\\RouteRegistrar.php(194): Illuminate\\Routing\\Router->group(Array, 'C:\\\\2023\\\\DEVinHO...')
#3 C:\\2023\\DEVinHOUSE\\laravel\\sem08.Robert\\laravel-pets-api-controllers\\api_pets\\app\\Providers\\RouteServiceProvider.php(34): Illuminate\\Routing\\RouteRegistrar->group('C:\\\\2023\\\\DEVinHO...')
#4 C:\\2023\\DEVinHOUSE\\laravel\\sem08.Robert\\laravel-pets-api-controllers\\api_pets\\vendor\\laravel\\framework\\src\\Illuminate\\Container\\BoundMethod.php(36): App\\Providers\\RouteServiceProvider->App\\Providers\\{closure}()
#5 C:\\2023\\DEVinHOUSE\\laravel\\sem08.Robert\\laravel-pets-api-controllers\\api_pets\\vendor\\laravel\\framework\\src\\Illuminate\\Container\\Util.php(41): Illuminate\\Container\\BoundMethod::Illuminate\\Container\\{closure}()
#6 C:\\2023\\DEVinHOUSE\\laravel\\sem08.Robert\\laravel-pets-api-controllers\\api_pets\\vendor\\laravel\\framework\\src\\Illuminate\\Container\\BoundMethod.php(81): Illuminate\\Container\\Util::unwrapIfClosure(Object(Closure))
#7 C:\\2023\\DEVinHOUSE\\laravel\\sem08.Robert\\laravel-pets-api-controllers\\api_pets\\vendor\\laravel\\framework\\src\\Illuminate\\Container\\BoundMethod.php(35): Illuminate\\Container\\BoundMethod::callBoundMethod(Object(Illuminate\\Foundation\\Application), Object(Closure), Object(Closure))
#8 C:\\2023\\DEVinHOUSE\\laravel\\sem08.Robert\\laravel-pets-api-controllers\\api_pets\\vendor\\laravel\\framework\\src\\Illuminate\\Container\\Container.php(662): Illuminate\\Container\\BoundMethod::call(Object(Illuminate\\Foundation\\Application), Object(Closure), Array, NULL)
#9 C:\\2023\\DEVinHOUSE\\laravel\\sem08.Robert\\laravel-pets-api-controllers\\api_pets\\vendor\\laravel\\framework\\src\\Illuminate\\Foundation\\Support\\Providers\\RouteServiceProvider.php(120): Illuminate\\Container\\Container->call(Object(Closure))
#10 C:\\2023\\DEVinHOUSE\\laravel\\sem08.Robert\\laravel-pets-api-controllers\\api_pets\\vendor\\laravel\\framework\\src\\Illuminate\\Foundation\\Support\\Providers\\RouteServiceProvider.php(45): Illuminate\\Foundation\\Support\\Providers\\RouteServiceProvider->loadRoutes()
#11 C:\\2023\\DEVinHOUSE\\laravel\\sem08.Robert\\laravel-pets-api-controllers\\api_pets\\vendor\\laravel\\framework\\src\\Illuminate\\Container\\BoundMethod.php(36): Illuminate\\Foundation\\Support\\Providers\\RouteServiceProvider->Illuminate\\Foundation\\Support\\Providers\\{closure}()
#12 C:\\2023\\DEVinHOUSE\\laravel\\sem08.Robert\\laravel-pets-api-controllers\\api_pets\\vendor\\laravel\\framework\\src\\Illuminate\\Container\\Util.php(41): Illuminate\\Container\\BoundMethod::Illuminate\\Container\\{closure}()
#13 C:\\2023\\DEVinHOUSE\\laravel\\sem08.Robert\\laravel-pets-api-controllers\\api_pets\\vendor\\laravel\\framework\\src\\Illuminate\\Container\\BoundMethod.php(81): Illuminate\\Container\\Util::unwrapIfClosure(Object(Closure))
#14 C:\\2023\\DEVinHOUSE\\laravel\\sem08.Robert\\laravel-pets-api-controllers\\api_pets\\vendor\\laravel\\framework\\src\\Illuminate\\Container\\BoundMethod.php(35): Illuminate\\Container\\BoundMethod::callBoundMethod(Object(Illuminate\\Foundation\\Application), Object(Closure), Object(Closure))
#15 C:\\2023\\DEVinHOUSE\\laravel\\sem08.Robert\\laravel-pets-api-controllers\\api_pets\\vendor\\laravel\\framework\\src\\Illuminate\\Container\\Container.php(662): Illuminate\\Container\\BoundMethod::call(Object(Illuminate\\Foundation\\Application), Object(Closure), Array, NULL)
#16 C:\\2023\\DEVinHOUSE\\laravel\\sem08.Robert\\laravel-pets-api-controllers\\api_pets\\vendor\\laravel\\framework\\src\\Illuminate\\Support\\ServiceProvider.php(119): Illuminate\\Container\\Container->call(Object(Closure))
#17 C:\\2023\\DEVinHOUSE\\laravel\\sem08.Robert\\laravel-pets-api-controllers\\api_pets\\vendor\\laravel\\framework\\src\\Illuminate\\Foundation\\Application.php(1031): Illuminate\\Support\\ServiceProvider->callBootedCallbacks()
#18 C:\\2023\\DEVinHOUSE\\laravel\\sem08.Robert\\laravel-pets-api-controllers\\api_pets\\vendor\\laravel\\framework\\src\\Illuminate\\Foundation\\Application.php(1009): Illuminate\\Foundation\\Application->bootProvider(Object(App\\Providers\\RouteServiceProvider))
#19 [internal function]: Illuminate\\Foundation\\Application->Illuminate\\Foundation\\{closure}(Object(App\\Providers\\RouteServiceProvider), 23)
#20 C:\\2023\\DEVinHOUSE\\laravel\\sem08.Robert\\laravel-pets-api-controllers\\api_pets\\vendor\\laravel\\framework\\src\\Illuminate\\Foundation\\Application.php(1008): array_walk(Array, Object(Closure))
#21 C:\\2023\\DEVinHOUSE\\laravel\\sem08.Robert\\laravel-pets-api-controllers\\api_pets\\vendor\\laravel\\framework\\src\\Illuminate\\Foundation\\Bootstrap\\BootProviders.php(17): Illuminate\\Foundation\\Application->boot()
#22 C:\\2023\\DEVinHOUSE\\laravel\\sem08.Robert\\laravel-pets-api-controllers\\api_pets\\vendor\\laravel\\framework\\src\\Illuminate\\Foundation\\Application.php(261): Illuminate\\Foundation\\Bootstrap\\BootProviders->bootstrap(Object(Illuminate\\Foundation\\Application))
#23 C:\\2023\\DEVinHOUSE\\laravel\\sem08.Robert\\laravel-pets-api-controllers\\api_pets\\vendor\\laravel\\framework\\src\\Illuminate\\Foundation\\Console\\Kernel.php(447): Illuminate\\Foundation\\Application->bootstrapWith(Array)
#24 C:\\2023\\DEVinHOUSE\\laravel\\sem08.Robert\\laravel-pets-api-controllers\\api_pets\\vendor\\laravel\\framework\\src\\Illuminate\\Foundation\\Console\\Kernel.php(199): Illuminate\\Foundation\\Console\\Kernel->bootstrap()
#25 C:\\2023\\DEVinHOUSE\\laravel\\sem08.Robert\\laravel-pets-api-controllers\\api_pets\\artisan(35): Illuminate\\Foundation\\Console\\Kernel->handle(Object(Symfony\\Component\\Console\\Input\\ArgvInput), Object(Symfony\\Component\\Console\\Output\\ConsoleOutput))
#26 {main}
"} 
[2023-12-01 21:49:57] local.ERROR: Unmatched '}' {"exception":"[object] (ParseError(code: 0): Unmatched '}' at C:\\2023\\DEVinHOUSE\\laravel\\sem08.Robert\\laravel-pets-api-controllers\\api_pets\\routes\\api.php:19)
[stacktrace]
#0 C:\\2023\\DEVinHOUSE\\laravel\\sem08.Robert\\laravel-pets-api-controllers\\api_pets\\vendor\\laravel\\framework\\src\\Illuminate\\Routing\\Router.php(504): Illuminate\\Routing\\RouteFileRegistrar->register('C:\\\\2023\\\\DEVinHO...')
#1 C:\\2023\\DEVinHOUSE\\laravel\\sem08.Robert\\laravel-pets-api-controllers\\api_pets\\vendor\\laravel\\framework\\src\\Illuminate\\Routing\\Router.php(458): Illuminate\\Routing\\Router->loadRoutes('C:\\\\2023\\\\DEVinHO...')
#2 C:\\2023\\DEVinHOUSE\\laravel\\sem08.Robert\\laravel-pets-api-controllers\\api_pets\\vendor\\laravel\\framework\\src\\Illuminate\\Routing\\RouteRegistrar.php(194): Illuminate\\Routing\\Router->group(Array, 'C:\\\\2023\\\\DEVinHO...')
#3 C:\\2023\\DEVinHOUSE\\laravel\\sem08.Robert\\laravel-pets-api-controllers\\api_pets\\app\\Providers\\RouteServiceProvider.php(34): Illuminate\\Routing\\RouteRegistrar->group('C:\\\\2023\\\\DEVinHO...')
#4 C:\\2023\\DEVinHOUSE\\laravel\\sem08.Robert\\laravel-pets-api-controllers\\api_pets\\vendor\\laravel\\framework\\src\\Illuminate\\Container\\BoundMethod.php(36): App\\Providers\\RouteServiceProvider->App\\Providers\\{closure}()
#5 C:\\2023\\DEVinHOUSE\\laravel\\sem08.Robert\\laravel-pets-api-controllers\\api_pets\\vendor\\laravel\\framework\\src\\Illuminate\\Container\\Util.php(41): Illuminate\\Container\\BoundMethod::Illuminate\\Container\\{closure}()
#6 C:\\2023\\DEVinHOUSE\\laravel\\sem08.Robert\\laravel-pets-api-controllers\\api_pets\\vendor\\laravel\\framework\\src\\Illuminate\\Container\\BoundMethod.php(81): Illuminate\\Container\\Util::unwrapIfClosure(Object(Closure))
#7 C:\\2023\\DEVinHOUSE\\laravel\\sem08.Robert\\laravel-pets-api-controllers\\api_pets\\vendor\\laravel\\framework\\src\\Illuminate\\Container\\BoundMethod.php(35): Illuminate\\Container\\BoundMethod::callBoundMethod(Object(Illuminate\\Foundation\\Application), Object(Closure), Object(Closure))
#8 C:\\2023\\DEVinHOUSE\\laravel\\sem08.Robert\\laravel-pets-api-controllers\\api_pets\\vendor\\laravel\\framework\\src\\Illuminate\\Container\\Container.php(662): Illuminate\\Container\\BoundMethod::call(Object(Illuminate\\Foundation\\Application), Object(Closure), Array, NULL)
#9 C:\\2023\\DEVinHOUSE\\laravel\\sem08.Robert\\laravel-pets-api-controllers\\api_pets\\vendor\\laravel\\framework\\src\\Illuminate\\Foundation\\Support\\Providers\\RouteServiceProvider.php(120): Illuminate\\Container\\Container->call(Object(Closure))
#10 C:\\2023\\DEVinHOUSE\\laravel\\sem08.Robert\\laravel-pets-api-controllers\\api_pets\\vendor\\laravel\\framework\\src\\Illuminate\\Foundation\\Support\\Providers\\RouteServiceProvider.php(45): Illuminate\\Foundation\\Support\\Providers\\RouteServiceProvider->loadRoutes()
#11 C:\\2023\\DEVinHOUSE\\laravel\\sem08.Robert\\laravel-pets-api-controllers\\api_pets\\vendor\\laravel\\framework\\src\\Illuminate\\Container\\BoundMethod.php(36): Illuminate\\Foundation\\Support\\Providers\\RouteServiceProvider->Illuminate\\Foundation\\Support\\Providers\\{closure}()
#12 C:\\2023\\DEVinHOUSE\\laravel\\sem08.Robert\\laravel-pets-api-controllers\\api_pets\\vendor\\laravel\\framework\\src\\Illuminate\\Container\\Util.php(41): Illuminate\\Container\\BoundMethod::Illuminate\\Container\\{closure}()
#13 C:\\2023\\DEVinHOUSE\\laravel\\sem08.Robert\\laravel-pets-api-controllers\\api_pets\\vendor\\laravel\\framework\\src\\Illuminate\\Container\\BoundMethod.php(81): Illuminate\\Container\\Util::unwrapIfClosure(Object(Closure))
#14 C:\\2023\\DEVinHOUSE\\laravel\\sem08.Robert\\laravel-pets-api-controllers\\api_pets\\vendor\\laravel\\framework\\src\\Illuminate\\Container\\BoundMethod.php(35): Illuminate\\Container\\BoundMethod::callBoundMethod(Object(Illuminate\\Foundation\\Application), Object(Closure), Object(Closure))
#15 C:\\2023\\DEVinHOUSE\\laravel\\sem08.Robert\\laravel-pets-api-controllers\\api_pets\\vendor\\laravel\\framework\\src\\Illuminate\\Container\\Container.php(662): Illuminate\\Container\\BoundMethod::call(Object(Illuminate\\Foundation\\Application), Object(Closure), Array, NULL)
#16 C:\\2023\\DEVinHOUSE\\laravel\\sem08.Robert\\laravel-pets-api-controllers\\api_pets\\vendor\\laravel\\framework\\src\\Illuminate\\Support\\ServiceProvider.php(119): Illuminate\\Container\\Container->call(Object(Closure))
#17 C:\\2023\\DEVinHOUSE\\laravel\\sem08.Robert\\laravel-pets-api-controllers\\api_pets\\vendor\\laravel\\framework\\src\\Illuminate\\Foundation\\Application.php(1031): Illuminate\\Support\\ServiceProvider->callBootedCallbacks()
#18 C:\\2023\\DEVinHOUSE\\laravel\\sem08.Robert\\laravel-pets-api-controllers\\api_pets\\vendor\\laravel\\framework\\src\\Illuminate\\Foundation\\Application.php(1009): Illuminate\\Foundation\\Application->bootProvider(Object(App\\Providers\\RouteServiceProvider))
#19 [internal function]: Illuminate\\Foundation\\Application->Illuminate\\Foundation\\{closure}(Object(App\\Providers\\RouteServiceProvider), 23)
#20 C:\\2023\\DEVinHOUSE\\laravel\\sem08.Robert\\laravel-pets-api-controllers\\api_pets\\vendor\\laravel\\framework\\src\\Illuminate\\Foundation\\Application.php(1008): array_walk(Array, Object(Closure))
#21 C:\\2023\\DEVinHOUSE\\laravel\\sem08.Robert\\laravel-pets-api-controllers\\api_pets\\vendor\\laravel\\framework\\src\\Illuminate\\Foundation\\Bootstrap\\BootProviders.php(17): Illuminate\\Foundation\\Application->boot()
#22 C:\\2023\\DEVinHOUSE\\laravel\\sem08.Robert\\laravel-pets-api-controllers\\api_pets\\vendor\\laravel\\framework\\src\\Illuminate\\Foundation\\Application.php(261): Illuminate\\Foundation\\Bootstrap\\BootProviders->bootstrap(Object(Illuminate\\Foundation\\Application))
#23 C:\\2023\\DEVinHOUSE\\laravel\\sem08.Robert\\laravel-pets-api-controllers\\api_pets\\vendor\\laravel\\framework\\src\\Illuminate\\Foundation\\Console\\Kernel.php(447): Illuminate\\Foundation\\Application->bootstrapWith(Array)
#24 C:\\2023\\DEVinHOUSE\\laravel\\sem08.Robert\\laravel-pets-api-controllers\\api_pets\\vendor\\laravel\\framework\\src\\Illuminate\\Foundation\\Console\\Kernel.php(199): Illuminate\\Foundation\\Console\\Kernel->bootstrap()
#25 C:\\2023\\DEVinHOUSE\\laravel\\sem08.Robert\\laravel-pets-api-controllers\\api_pets\\artisan(35): Illuminate\\Foundation\\Console\\Kernel->handle(Object(Symfony\\Component\\Console\\Input\\ArgvInput), Object(Symfony\\Component\\Console\\Output\\ConsoleOutput))
#26 {main}
"} 
[2023-12-01 21:49:58] local.ERROR: Unmatched '}' {"exception":"[object] (ParseError(code: 0): Unmatched '}' at C:\\2023\\DEVinHOUSE\\laravel\\sem08.Robert\\laravel-pets-api-controllers\\api_pets\\routes\\api.php:19)
[stacktrace]
#0 C:\\2023\\DEVinHOUSE\\laravel\\sem08.Robert\\laravel-pets-api-controllers\\api_pets\\vendor\\laravel\\framework\\src\\Illuminate\\Routing\\Router.php(504): Illuminate\\Routing\\RouteFileRegistrar->register('C:\\\\2023\\\\DEVinHO...')
#1 C:\\2023\\DEVinHOUSE\\laravel\\sem08.Robert\\laravel-pets-api-controllers\\api_pets\\vendor\\laravel\\framework\\src\\Illuminate\\Routing\\Router.php(458): Illuminate\\Routing\\Router->loadRoutes('C:\\\\2023\\\\DEVinHO...')
#2 C:\\2023\\DEVinHOUSE\\laravel\\sem08.Robert\\laravel-pets-api-controllers\\api_pets\\vendor\\laravel\\framework\\src\\Illuminate\\Routing\\RouteRegistrar.php(194): Illuminate\\Routing\\Router->group(Array, 'C:\\\\2023\\\\DEVinHO...')
#3 C:\\2023\\DEVinHOUSE\\laravel\\sem08.Robert\\laravel-pets-api-controllers\\api_pets\\app\\Providers\\RouteServiceProvider.php(34): Illuminate\\Routing\\RouteRegistrar->group('C:\\\\2023\\\\DEVinHO...')
#4 C:\\2023\\DEVinHOUSE\\laravel\\sem08.Robert\\laravel-pets-api-controllers\\api_pets\\vendor\\laravel\\framework\\src\\Illuminate\\Container\\BoundMethod.php(36): App\\Providers\\RouteServiceProvider->App\\Providers\\{closure}()
#5 C:\\2023\\DEVinHOUSE\\laravel\\sem08.Robert\\laravel-pets-api-controllers\\api_pets\\vendor\\laravel\\framework\\src\\Illuminate\\Container\\Util.php(41): Illuminate\\Container\\BoundMethod::Illuminate\\Container\\{closure}()
#6 C:\\2023\\DEVinHOUSE\\laravel\\sem08.Robert\\laravel-pets-api-controllers\\api_pets\\vendor\\laravel\\framework\\src\\Illuminate\\Container\\BoundMethod.php(81): Illuminate\\Container\\Util::unwrapIfClosure(Object(Closure))
#7 C:\\2023\\DEVinHOUSE\\laravel\\sem08.Robert\\laravel-pets-api-controllers\\api_pets\\vendor\\laravel\\framework\\src\\Illuminate\\Container\\BoundMethod.php(35): Illuminate\\Container\\BoundMethod::callBoundMethod(Object(Illuminate\\Foundation\\Application), Object(Closure), Object(Closure))
#8 C:\\2023\\DEVinHOUSE\\laravel\\sem08.Robert\\laravel-pets-api-controllers\\api_pets\\vendor\\laravel\\framework\\src\\Illuminate\\Container\\Container.php(662): Illuminate\\Container\\BoundMethod::call(Object(Illuminate\\Foundation\\Application), Object(Closure), Array, NULL)
#9 C:\\2023\\DEVinHOUSE\\laravel\\sem08.Robert\\laravel-pets-api-controllers\\api_pets\\vendor\\laravel\\framework\\src\\Illuminate\\Foundation\\Support\\Providers\\RouteServiceProvider.php(120): Illuminate\\Container\\Container->call(Object(Closure))
#10 C:\\2023\\DEVinHOUSE\\laravel\\sem08.Robert\\laravel-pets-api-controllers\\api_pets\\vendor\\laravel\\framework\\src\\Illuminate\\Foundation\\Support\\Providers\\RouteServiceProvider.php(45): Illuminate\\Foundation\\Support\\Providers\\RouteServiceProvider->loadRoutes()
#11 C:\\2023\\DEVinHOUSE\\laravel\\sem08.Robert\\laravel-pets-api-controllers\\api_pets\\vendor\\laravel\\framework\\src\\Illuminate\\Container\\BoundMethod.php(36): Illuminate\\Foundation\\Support\\Providers\\RouteServiceProvider->Illuminate\\Foundation\\Support\\Providers\\{closure}()
#12 C:\\2023\\DEVinHOUSE\\laravel\\sem08.Robert\\laravel-pets-api-controllers\\api_pets\\vendor\\laravel\\framework\\src\\Illuminate\\Container\\Util.php(41): Illuminate\\Container\\BoundMethod::Illuminate\\Container\\{closure}()
#13 C:\\2023\\DEVinHOUSE\\laravel\\sem08.Robert\\laravel-pets-api-controllers\\api_pets\\vendor\\laravel\\framework\\src\\Illuminate\\Container\\BoundMethod.php(81): Illuminate\\Container\\Util::unwrapIfClosure(Object(Closure))
#14 C:\\2023\\DEVinHOUSE\\laravel\\sem08.Robert\\laravel-pets-api-controllers\\api_pets\\vendor\\laravel\\framework\\src\\Illuminate\\Container\\BoundMethod.php(35): Illuminate\\Container\\BoundMethod::callBoundMethod(Object(Illuminate\\Foundation\\Application), Object(Closure), Object(Closure))
#15 C:\\2023\\DEVinHOUSE\\laravel\\sem08.Robert\\laravel-pets-api-controllers\\api_pets\\vendor\\laravel\\framework\\src\\Illuminate\\Container\\Container.php(662): Illuminate\\Container\\BoundMethod::call(Object(Illuminate\\Foundation\\Application), Object(Closure), Array, NULL)
#16 C:\\2023\\DEVinHOUSE\\laravel\\sem08.Robert\\laravel-pets-api-controllers\\api_pets\\vendor\\laravel\\framework\\src\\Illuminate\\Support\\ServiceProvider.php(119): Illuminate\\Container\\Container->call(Object(Closure))
#17 C:\\2023\\DEVinHOUSE\\laravel\\sem08.Robert\\laravel-pets-api-controllers\\api_pets\\vendor\\laravel\\framework\\src\\Illuminate\\Foundation\\Application.php(1031): Illuminate\\Support\\ServiceProvider->callBootedCallbacks()
#18 C:\\2023\\DEVinHOUSE\\laravel\\sem08.Robert\\laravel-pets-api-controllers\\api_pets\\vendor\\laravel\\framework\\src\\Illuminate\\Foundation\\Application.php(1009): Illuminate\\Foundation\\Application->bootProvider(Object(App\\Providers\\RouteServiceProvider))
#19 [internal function]: Illuminate\\Foundation\\Application->Illuminate\\Foundation\\{closure}(Object(App\\Providers\\RouteServiceProvider), 23)
#20 C:\\2023\\DEVinHOUSE\\laravel\\sem08.Robert\\laravel-pets-api-controllers\\api_pets\\vendor\\laravel\\framework\\src\\Illuminate\\Foundation\\Application.php(1008): array_walk(Array, Object(Closure))
#21 C:\\2023\\DEVinHOUSE\\laravel\\sem08.Robert\\laravel-pets-api-controllers\\api_pets\\vendor\\laravel\\framework\\src\\Illuminate\\Foundation\\Bootstrap\\BootProviders.php(17): Illuminate\\Foundation\\Application->boot()
#22 C:\\2023\\DEVinHOUSE\\laravel\\sem08.Robert\\laravel-pets-api-controllers\\api_pets\\vendor\\laravel\\framework\\src\\Illuminate\\Foundation\\Application.php(261): Illuminate\\Foundation\\Bootstrap\\BootProviders->bootstrap(Object(Illuminate\\Foundation\\Application))
#23 C:\\2023\\DEVinHOUSE\\laravel\\sem08.Robert\\laravel-pets-api-controllers\\api_pets\\vendor\\laravel\\framework\\src\\Illuminate\\Foundation\\Console\\Kernel.php(447): Illuminate\\Foundation\\Application->bootstrapWith(Array)
#24 C:\\2023\\DEVinHOUSE\\laravel\\sem08.Robert\\laravel-pets-api-controllers\\api_pets\\vendor\\laravel\\framework\\src\\Illuminate\\Foundation\\Console\\Kernel.php(199): Illuminate\\Foundation\\Console\\Kernel->bootstrap()
#25 C:\\2023\\DEVinHOUSE\\laravel\\sem08.Robert\\laravel-pets-api-controllers\\api_pets\\artisan(35): Illuminate\\Foundation\\Console\\Kernel->handle(Object(Symfony\\Component\\Console\\Input\\ArgvInput), Object(Symfony\\Component\\Console\\Output\\ConsoleOutput))
#26 {main}
"} 
[2023-12-01 21:51:31] local.ERROR: The "--columns" option does not exist. {"exception":"[object] (Symfony\\Component\\Console\\Exception\\RuntimeException(code: 0): The \"--columns\" option does not exist. at C:\\2023\\DEVinHOUSE\\laravel\\sem08.Robert\\laravel-pets-api-controllers\\api_pets\\vendor\\symfony\\console\\Input\\ArgvInput.php:223)
[stacktrace]
#0 C:\\2023\\DEVinHOUSE\\laravel\\sem08.Robert\\laravel-pets-api-controllers\\api_pets\\vendor\\symfony\\console\\Input\\ArgvInput.php(150): Symfony\\Component\\Console\\Input\\ArgvInput->addLongOption('columns', 'name,action')
#1 C:\\2023\\DEVinHOUSE\\laravel\\sem08.Robert\\laravel-pets-api-controllers\\api_pets\\vendor\\symfony\\console\\Input\\ArgvInput.php(85): Symfony\\Component\\Console\\Input\\ArgvInput->parseLongOption('--columns=name,...')
#2 C:\\2023\\DEVinHOUSE\\laravel\\sem08.Robert\\laravel-pets-api-controllers\\api_pets\\vendor\\symfony\\console\\Input\\ArgvInput.php(74): Symfony\\Component\\Console\\Input\\ArgvInput->parseToken('--columns=name,...', true)
#3 C:\\2023\\DEVinHOUSE\\laravel\\sem08.Robert\\laravel-pets-api-controllers\\api_pets\\vendor\\symfony\\console\\Input\\Input.php(56): Symfony\\Component\\Console\\Input\\ArgvInput->parse()
#4 C:\\2023\\DEVinHOUSE\\laravel\\sem08.Robert\\laravel-pets-api-controllers\\api_pets\\vendor\\symfony\\console\\Command\\Command.php(285): Symfony\\Component\\Console\\Input\\Input->bind(Object(Symfony\\Component\\Console\\Input\\InputDefinition))
#5 C:\\2023\\DEVinHOUSE\\laravel\\sem08.Robert\\laravel-pets-api-controllers\\api_pets\\vendor\\laravel\\framework\\src\\Illuminate\\Console\\Command.php(180): Symfony\\Component\\Console\\Command\\Command->run(Object(Symfony\\Component\\Console\\Input\\ArgvInput), Object(Illuminate\\Console\\OutputStyle))
#6 C:\\2023\\DEVinHOUSE\\laravel\\sem08.Robert\\laravel-pets-api-controllers\\api_pets\\vendor\\symfony\\console\\Application.php(1096): Illuminate\\Console\\Command->run(Object(Symfony\\Component\\Console\\Input\\ArgvInput), Object(Symfony\\Component\\Console\\Output\\ConsoleOutput))
#7 C:\\2023\\DEVinHOUSE\\laravel\\sem08.Robert\\laravel-pets-api-controllers\\api_pets\\vendor\\symfony\\console\\Application.php(324): Symfony\\Component\\Console\\Application->doRunCommand(Object(Illuminate\\Foundation\\Console\\RouteListCommand), Object(Symfony\\Component\\Console\\Input\\ArgvInput), Object(Symfony\\Component\\Console\\Output\\ConsoleOutput))
#8 C:\\2023\\DEVinHOUSE\\laravel\\sem08.Robert\\laravel-pets-api-controllers\\api_pets\\vendor\\symfony\\console\\Application.php(175): Symfony\\Component\\Console\\Application->doRun(Object(Symfony\\Component\\Console\\Input\\ArgvInput), Object(Symfony\\Component\\Console\\Output\\ConsoleOutput))
#9 C:\\2023\\DEVinHOUSE\\laravel\\sem08.Robert\\laravel-pets-api-controllers\\api_pets\\vendor\\laravel\\framework\\src\\Illuminate\\Foundation\\Console\\Kernel.php(201): Symfony\\Component\\Console\\Application->run(Object(Symfony\\Component\\Console\\Input\\ArgvInput), Object(Symfony\\Component\\Console\\Output\\ConsoleOutput))
#10 C:\\2023\\DEVinHOUSE\\laravel\\sem08.Robert\\laravel-pets-api-controllers\\api_pets\\artisan(35): Illuminate\\Foundation\\Console\\Kernel->handle(Object(Symfony\\Component\\Console\\Input\\ArgvInput), Object(Symfony\\Component\\Console\\Output\\ConsoleOutput))
#11 {main}
"} 
[2023-12-01 21:52:03] local.ERROR: The "--columns" option does not exist. {"exception":"[object] (Symfony\\Component\\Console\\Exception\\RuntimeException(code: 0): The \"--columns\" option does not exist. at C:\\2023\\DEVinHOUSE\\laravel\\sem08.Robert\\laravel-pets-api-controllers\\api_pets\\vendor\\symfony\\console\\Input\\ArgvInput.php:223)
[stacktrace]
#0 C:\\2023\\DEVinHOUSE\\laravel\\sem08.Robert\\laravel-pets-api-controllers\\api_pets\\vendor\\symfony\\console\\Input\\ArgvInput.php(150): Symfony\\Component\\Console\\Input\\ArgvInput->addLongOption('columns', 'name,action')
#1 C:\\2023\\DEVinHOUSE\\laravel\\sem08.Robert\\laravel-pets-api-controllers\\api_pets\\vendor\\symfony\\console\\Input\\ArgvInput.php(85): Symfony\\Component\\Console\\Input\\ArgvInput->parseLongOption('--columns=name,...')
#2 C:\\2023\\DEVinHOUSE\\laravel\\sem08.Robert\\laravel-pets-api-controllers\\api_pets\\vendor\\symfony\\console\\Input\\ArgvInput.php(74): Symfony\\Component\\Console\\Input\\ArgvInput->parseToken('--columns=name,...', true)
#3 C:\\2023\\DEVinHOUSE\\laravel\\sem08.Robert\\laravel-pets-api-controllers\\api_pets\\vendor\\symfony\\console\\Input\\Input.php(56): Symfony\\Component\\Console\\Input\\ArgvInput->parse()
#4 C:\\2023\\DEVinHOUSE\\laravel\\sem08.Robert\\laravel-pets-api-controllers\\api_pets\\vendor\\symfony\\console\\Command\\Command.php(285): Symfony\\Component\\Console\\Input\\Input->bind(Object(Symfony\\Component\\Console\\Input\\InputDefinition))
#5 C:\\2023\\DEVinHOUSE\\laravel\\sem08.Robert\\laravel-pets-api-controllers\\api_pets\\vendor\\laravel\\framework\\src\\Illuminate\\Console\\Command.php(180): Symfony\\Component\\Console\\Command\\Command->run(Object(Symfony\\Component\\Console\\Input\\ArgvInput), Object(Illuminate\\Console\\OutputStyle))
#6 C:\\2023\\DEVinHOUSE\\laravel\\sem08.Robert\\laravel-pets-api-controllers\\api_pets\\vendor\\symfony\\console\\Application.php(1096): Illuminate\\Console\\Command->run(Object(Symfony\\Component\\Console\\Input\\ArgvInput), Object(Symfony\\Component\\Console\\Output\\ConsoleOutput))
#7 C:\\2023\\DEVinHOUSE\\laravel\\sem08.Robert\\laravel-pets-api-controllers\\api_pets\\vendor\\symfony\\console\\Application.php(324): Symfony\\Component\\Console\\Application->doRunCommand(Object(Illuminate\\Foundation\\Console\\RouteListCommand), Object(Symfony\\Component\\Console\\Input\\ArgvInput), Object(Symfony\\Component\\Console\\Output\\ConsoleOutput))
#8 C:\\2023\\DEVinHOUSE\\laravel\\sem08.Robert\\laravel-pets-api-controllers\\api_pets\\vendor\\symfony\\console\\Application.php(175): Symfony\\Component\\Console\\Application->doRun(Object(Symfony\\Component\\Console\\Input\\ArgvInput), Object(Symfony\\Component\\Console\\Output\\ConsoleOutput))
#9 C:\\2023\\DEVinHOUSE\\laravel\\sem08.Robert\\laravel-pets-api-controllers\\api_pets\\vendor\\laravel\\framework\\src\\Illuminate\\Foundation\\Console\\Kernel.php(201): Symfony\\Component\\Console\\Application->run(Object(Symfony\\Component\\Console\\Input\\ArgvInput), Object(Symfony\\Component\\Console\\Output\\ConsoleOutput))
#10 C:\\2023\\DEVinHOUSE\\laravel\\sem08.Robert\\laravel-pets-api-controllers\\api_pets\\artisan(35): Illuminate\\Foundation\\Console\\Kernel->handle(Object(Symfony\\Component\\Console\\Input\\ArgvInput), Object(Symfony\\Component\\Console\\Output\\ConsoleOutput))
#11 {main}
"} 
[2023-12-01 21:53:03] local.ERROR: The "--columns" option does not exist. {"exception":"[object] (Symfony\\Component\\Console\\Exception\\RuntimeException(code: 0): The \"--columns\" option does not exist. at C:\\2023\\DEVinHOUSE\\laravel\\sem08.Robert\\laravel-pets-api-controllers\\api_pets\\vendor\\symfony\\console\\Input\\ArgvInput.php:223)
[stacktrace]
#0 C:\\2023\\DEVinHOUSE\\laravel\\sem08.Robert\\laravel-pets-api-controllers\\api_pets\\vendor\\symfony\\console\\Input\\ArgvInput.php(150): Symfony\\Component\\Console\\Input\\ArgvInput->addLongOption('columns', 'name,action')
#1 C:\\2023\\DEVinHOUSE\\laravel\\sem08.Robert\\laravel-pets-api-controllers\\api_pets\\vendor\\symfony\\console\\Input\\ArgvInput.php(85): Symfony\\Component\\Console\\Input\\ArgvInput->parseLongOption('--columns=name,...')
#2 C:\\2023\\DEVinHOUSE\\laravel\\sem08.Robert\\laravel-pets-api-controllers\\api_pets\\vendor\\symfony\\console\\Input\\ArgvInput.php(74): Symfony\\Component\\Console\\Input\\ArgvInput->parseToken('--columns=name,...', true)
#3 C:\\2023\\DEVinHOUSE\\laravel\\sem08.Robert\\laravel-pets-api-controllers\\api_pets\\vendor\\symfony\\console\\Input\\Input.php(56): Symfony\\Component\\Console\\Input\\ArgvInput->parse()
#4 C:\\2023\\DEVinHOUSE\\laravel\\sem08.Robert\\laravel-pets-api-controllers\\api_pets\\vendor\\symfony\\console\\Command\\Command.php(285): Symfony\\Component\\Console\\Input\\Input->bind(Object(Symfony\\Component\\Console\\Input\\InputDefinition))
#5 C:\\2023\\DEVinHOUSE\\laravel\\sem08.Robert\\laravel-pets-api-controllers\\api_pets\\vendor\\laravel\\framework\\src\\Illuminate\\Console\\Command.php(180): Symfony\\Component\\Console\\Command\\Command->run(Object(Symfony\\Component\\Console\\Input\\ArgvInput), Object(Illuminate\\Console\\OutputStyle))
#6 C:\\2023\\DEVinHOUSE\\laravel\\sem08.Robert\\laravel-pets-api-controllers\\api_pets\\vendor\\symfony\\console\\Application.php(1096): Illuminate\\Console\\Command->run(Object(Symfony\\Component\\Console\\Input\\ArgvInput), Object(Symfony\\Component\\Console\\Output\\ConsoleOutput))
#7 C:\\2023\\DEVinHOUSE\\laravel\\sem08.Robert\\laravel-pets-api-controllers\\api_pets\\vendor\\symfony\\console\\Application.php(324): Symfony\\Component\\Console\\Application->doRunCommand(Object(Illuminate\\Foundation\\Console\\RouteListCommand), Object(Symfony\\Component\\Console\\Input\\ArgvInput), Object(Symfony\\Component\\Console\\Output\\ConsoleOutput))
#8 C:\\2023\\DEVinHOUSE\\laravel\\sem08.Robert\\laravel-pets-api-controllers\\api_pets\\vendor\\symfony\\console\\Application.php(175): Symfony\\Component\\Console\\Application->doRun(Object(Symfony\\Component\\Console\\Input\\ArgvInput), Object(Symfony\\Component\\Console\\Output\\ConsoleOutput))
#9 C:\\2023\\DEVinHOUSE\\laravel\\sem08.Robert\\laravel-pets-api-controllers\\api_pets\\vendor\\laravel\\framework\\src\\Illuminate\\Foundation\\Console\\Kernel.php(201): Symfony\\Component\\Console\\Application->run(Object(Symfony\\Component\\Console\\Input\\ArgvInput), Object(Symfony\\Component\\Console\\Output\\ConsoleOutput))
#10 C:\\2023\\DEVinHOUSE\\laravel\\sem08.Robert\\laravel-pets-api-controllers\\api_pets\\artisan(35): Illuminate\\Foundation\\Console\\Kernel->handle(Object(Symfony\\Component\\Console\\Input\\ArgvInput), Object(Symfony\\Component\\Console\\Output\\ConsoleOutput))
#11 {main}
"} 
[2023-12-01 21:56:58] local.ERROR: SQLSTATE[42P01]: Undefined table: 7 ERROR:  relation "peoples" does not exist (Connection: pgsql, SQL: alter table "clients" add constraint "clients_people_id_foreign" foreign key ("people_id") references "peoples" ("id")) {"exception":"[object] (Illuminate\\Database\\QueryException(code: 42P01): SQLSTATE[42P01]: Undefined table: 7 ERROR:  relation \"peoples\" does not exist (Connection: pgsql, SQL: alter table \"clients\" add constraint \"clients_people_id_foreign\" foreign key (\"people_id\") references \"peoples\" (\"id\")) at C:\\2023\\DEVinHOUSE\\laravel\\sem08.Robert\\laravel-pets-api-controllers\\api_pets\\vendor\\laravel\\framework\\src\\Illuminate\\Database\\Connection.php:822)
[stacktrace]
#0 C:\\2023\\DEVinHOUSE\\laravel\\sem08.Robert\\laravel-pets-api-controllers\\api_pets\\vendor\\laravel\\framework\\src\\Illuminate\\Database\\Connection.php(776): Illuminate\\Database\\Connection->runQueryCallback('alter table \"cl...', Array, Object(Closure))
#1 C:\\2023\\DEVinHOUSE\\laravel\\sem08.Robert\\laravel-pets-api-controllers\\api_pets\\vendor\\laravel\\framework\\src\\Illuminate\\Database\\Connection.php(569): Illuminate\\Database\\Connection->run('alter table \"cl...', Array, Object(Closure))
#2 C:\\2023\\DEVinHOUSE\\laravel\\sem08.Robert\\laravel-pets-api-controllers\\api_pets\\vendor\\laravel\\framework\\src\\Illuminate\\Database\\Schema\\Blueprint.php(110): Illuminate\\Database\\Connection->statement('alter table \"cl...')
#3 C:\\2023\\DEVinHOUSE\\laravel\\sem08.Robert\\laravel-pets-api-controllers\\api_pets\\vendor\\laravel\\framework\\src\\Illuminate\\Database\\Schema\\Builder.php(493): Illuminate\\Database\\Schema\\Blueprint->build(Object(Illuminate\\Database\\PostgresConnection), Object(Illuminate\\Database\\Schema\\Grammars\\PostgresGrammar))
#4 C:\\2023\\DEVinHOUSE\\laravel\\sem08.Robert\\laravel-pets-api-controllers\\api_pets\\vendor\\laravel\\framework\\src\\Illuminate\\Database\\Schema\\Builder.php(347): Illuminate\\Database\\Schema\\Builder->build(Object(Illuminate\\Database\\Schema\\Blueprint))
#5 C:\\2023\\DEVinHOUSE\\laravel\\sem08.Robert\\laravel-pets-api-controllers\\api_pets\\vendor\\laravel\\framework\\src\\Illuminate\\Support\\Facades\\Facade.php(355): Illuminate\\Database\\Schema\\Builder->create('clients', Object(Closure))
#6 C:\\2023\\DEVinHOUSE\\laravel\\sem08.Robert\\laravel-pets-api-controllers\\api_pets\\database\\migrations\\2023_12_01_210341_create_clients_table.php(17): Illuminate\\Support\\Facades\\Facade::__callStatic('create', Array)
#7 C:\\2023\\DEVinHOUSE\\laravel\\sem08.Robert\\laravel-pets-api-controllers\\api_pets\\vendor\\laravel\\framework\\src\\Illuminate\\Database\\Migrations\\Migrator.php(493): Illuminate\\Database\\Migrations\\Migration@anonymous->up()
#8 C:\\2023\\DEVinHOUSE\\laravel\\sem08.Robert\\laravel-pets-api-controllers\\api_pets\\vendor\\laravel\\framework\\src\\Illuminate\\Database\\Migrations\\Migrator.php(410): Illuminate\\Database\\Migrations\\Migrator->runMethod(Object(Illuminate\\Database\\PostgresConnection), Object(Illuminate\\Database\\Migrations\\Migration@anonymous), 'up')
#9 C:\\2023\\DEVinHOUSE\\laravel\\sem08.Robert\\laravel-pets-api-controllers\\api_pets\\vendor\\laravel\\framework\\src\\Illuminate\\Database\\Concerns\\ManagesTransactions.php(30): Illuminate\\Database\\Migrations\\Migrator->Illuminate\\Database\\Migrations\\{closure}(Object(Illuminate\\Database\\PostgresConnection))
#10 C:\\2023\\DEVinHOUSE\\laravel\\sem08.Robert\\laravel-pets-api-controllers\\api_pets\\vendor\\laravel\\framework\\src\\Illuminate\\Database\\Migrations\\Migrator.php(418): Illuminate\\Database\\Connection->transaction(Object(Closure))
#11 C:\\2023\\DEVinHOUSE\\laravel\\sem08.Robert\\laravel-pets-api-controllers\\api_pets\\vendor\\laravel\\framework\\src\\Illuminate\\Database\\Migrations\\Migrator.php(216): Illuminate\\Database\\Migrations\\Migrator->runMigration(Object(Illuminate\\Database\\Migrations\\Migration@anonymous), 'up')
#12 C:\\2023\\DEVinHOUSE\\laravel\\sem08.Robert\\laravel-pets-api-controllers\\api_pets\\vendor\\laravel\\framework\\src\\Illuminate\\Console\\View\\Components\\Task.php(37): Illuminate\\Database\\Migrations\\Migrator->Illuminate\\Database\\Migrations\\{closure}()
#13 C:\\2023\\DEVinHOUSE\\laravel\\sem08.Robert\\laravel-pets-api-controllers\\api_pets\\vendor\\laravel\\framework\\src\\Illuminate\\Database\\Migrations\\Migrator.php(756): Illuminate\\Console\\View\\Components\\Task->render('2023_12_01_2103...', Object(Closure))
#14 C:\\2023\\DEVinHOUSE\\laravel\\sem08.Robert\\laravel-pets-api-controllers\\api_pets\\vendor\\laravel\\framework\\src\\Illuminate\\Database\\Migrations\\Migrator.php(216): Illuminate\\Database\\Migrations\\Migrator->write('Illuminate\\\\Cons...', '2023_12_01_2103...', Object(Closure))
#15 C:\\2023\\DEVinHOUSE\\laravel\\sem08.Robert\\laravel-pets-api-controllers\\api_pets\\vendor\\laravel\\framework\\src\\Illuminate\\Database\\Migrations\\Migrator.php(181): Illuminate\\Database\\Migrations\\Migrator->runUp('C:\\\\2023\\\\DEVinHO...', 1, false)
#16 C:\\2023\\DEVinHOUSE\\laravel\\sem08.Robert\\laravel-pets-api-controllers\\api_pets\\vendor\\laravel\\framework\\src\\Illuminate\\Database\\Migrations\\Migrator.php(124): Illuminate\\Database\\Migrations\\Migrator->runPending(Array, Array)
#17 C:\\2023\\DEVinHOUSE\\laravel\\sem08.Robert\\laravel-pets-api-controllers\\api_pets\\vendor\\laravel\\framework\\src\\Illuminate\\Database\\Console\\Migrations\\MigrateCommand.php(90): Illuminate\\Database\\Migrations\\Migrator->run(Array, Array)
#18 C:\\2023\\DEVinHOUSE\\laravel\\sem08.Robert\\laravel-pets-api-controllers\\api_pets\\vendor\\laravel\\framework\\src\\Illuminate\\Database\\Migrations\\Migrator.php(633): Illuminate\\Database\\Console\\Migrations\\MigrateCommand->Illuminate\\Database\\Console\\Migrations\\{closure}()
#19 C:\\2023\\DEVinHOUSE\\laravel\\sem08.Robert\\laravel-pets-api-controllers\\api_pets\\vendor\\laravel\\framework\\src\\Illuminate\\Database\\Console\\Migrations\\MigrateCommand.php(83): Illuminate\\Database\\Migrations\\Migrator->usingConnection(NULL, Object(Closure))
#20 C:\\2023\\DEVinHOUSE\\laravel\\sem08.Robert\\laravel-pets-api-controllers\\api_pets\\vendor\\laravel\\framework\\src\\Illuminate\\Container\\BoundMethod.php(36): Illuminate\\Database\\Console\\Migrations\\MigrateCommand->handle()
#21 C:\\2023\\DEVinHOUSE\\laravel\\sem08.Robert\\laravel-pets-api-controllers\\api_pets\\vendor\\laravel\\framework\\src\\Illuminate\\Container\\Util.php(41): Illuminate\\Container\\BoundMethod::Illuminate\\Container\\{closure}()
#22 C:\\2023\\DEVinHOUSE\\laravel\\sem08.Robert\\laravel-pets-api-controllers\\api_pets\\vendor\\laravel\\framework\\src\\Illuminate\\Container\\BoundMethod.php(93): Illuminate\\Container\\Util::unwrapIfClosure(Object(Closure))
#23 C:\\2023\\DEVinHOUSE\\laravel\\sem08.Robert\\laravel-pets-api-controllers\\api_pets\\vendor\\laravel\\framework\\src\\Illuminate\\Container\\BoundMethod.php(35): Illuminate\\Container\\BoundMethod::callBoundMethod(Object(Illuminate\\Foundation\\Application), Array, Object(Closure))
#24 C:\\2023\\DEVinHOUSE\\laravel\\sem08.Robert\\laravel-pets-api-controllers\\api_pets\\vendor\\laravel\\framework\\src\\Illuminate\\Container\\Container.php(662): Illuminate\\Container\\BoundMethod::call(Object(Illuminate\\Foundation\\Application), Array, Array, NULL)
#25 C:\\2023\\DEVinHOUSE\\laravel\\sem08.Robert\\laravel-pets-api-controllers\\api_pets\\vendor\\laravel\\framework\\src\\Illuminate\\Console\\Command.php(211): Illuminate\\Container\\Container->call(Array)
#26 C:\\2023\\DEVinHOUSE\\laravel\\sem08.Robert\\laravel-pets-api-controllers\\api_pets\\vendor\\symfony\\console\\Command\\Command.php(326): Illuminate\\Console\\Command->execute(Object(Symfony\\Component\\Console\\Input\\ArgvInput), Object(Illuminate\\Console\\OutputStyle))
#27 C:\\2023\\DEVinHOUSE\\laravel\\sem08.Robert\\laravel-pets-api-controllers\\api_pets\\vendor\\laravel\\framework\\src\\Illuminate\\Console\\Command.php(180): Symfony\\Component\\Console\\Command\\Command->run(Object(Symfony\\Component\\Console\\Input\\ArgvInput), Object(Illuminate\\Console\\OutputStyle))
#28 C:\\2023\\DEVinHOUSE\\laravel\\sem08.Robert\\laravel-pets-api-controllers\\api_pets\\vendor\\symfony\\console\\Application.php(1096): Illuminate\\Console\\Command->run(Object(Symfony\\Component\\Console\\Input\\ArgvInput), Object(Symfony\\Component\\Console\\Output\\ConsoleOutput))
#29 C:\\2023\\DEVinHOUSE\\laravel\\sem08.Robert\\laravel-pets-api-controllers\\api_pets\\vendor\\symfony\\console\\Application.php(324): Symfony\\Component\\Console\\Application->doRunCommand(Object(Illuminate\\Database\\Console\\Migrations\\MigrateCommand), Object(Symfony\\Component\\Console\\Input\\ArgvInput), Object(Symfony\\Component\\Console\\Output\\ConsoleOutput))
#30 C:\\2023\\DEVinHOUSE\\laravel\\sem08.Robert\\laravel-pets-api-controllers\\api_pets\\vendor\\symfony\\console\\Application.php(175): Symfony\\Component\\Console\\Application->doRun(Object(Symfony\\Component\\Console\\Input\\ArgvInput), Object(Symfony\\Component\\Console\\Output\\ConsoleOutput))
#31 C:\\2023\\DEVinHOUSE\\laravel\\sem08.Robert\\laravel-pets-api-controllers\\api_pets\\vendor\\laravel\\framework\\src\\Illuminate\\Foundation\\Console\\Kernel.php(201): Symfony\\Component\\Console\\Application->run(Object(Symfony\\Component\\Console\\Input\\ArgvInput), Object(Symfony\\Component\\Console\\Output\\ConsoleOutput))
#32 C:\\2023\\DEVinHOUSE\\laravel\\sem08.Robert\\laravel-pets-api-controllers\\api_pets\\artisan(35): Illuminate\\Foundation\\Console\\Kernel->handle(Object(Symfony\\Component\\Console\\Input\\ArgvInput), Object(Symfony\\Component\\Console\\Output\\ConsoleOutput))
#33 {main}

[previous exception] [object] (PDOException(code: 42P01): SQLSTATE[42P01]: Undefined table: 7 ERROR:  relation \"peoples\" does not exist at C:\\2023\\DEVinHOUSE\\laravel\\sem08.Robert\\laravel-pets-api-controllers\\api_pets\\vendor\\laravel\\framework\\src\\Illuminate\\Database\\Connection.php:580)
[stacktrace]
#0 C:\\2023\\DEVinHOUSE\\laravel\\sem08.Robert\\laravel-pets-api-controllers\\api_pets\\vendor\\laravel\\framework\\src\\Illuminate\\Database\\Connection.php(580): PDOStatement->execute()
#1 C:\\2023\\DEVinHOUSE\\laravel\\sem08.Robert\\laravel-pets-api-controllers\\api_pets\\vendor\\laravel\\framework\\src\\Illuminate\\Database\\Connection.php(809): Illuminate\\Database\\Connection->Illuminate\\Database\\{closure}('alter table \"cl...', Array)
#2 C:\\2023\\DEVinHOUSE\\laravel\\sem08.Robert\\laravel-pets-api-controllers\\api_pets\\vendor\\laravel\\framework\\src\\Illuminate\\Database\\Connection.php(776): Illuminate\\Database\\Connection->runQueryCallback('alter table \"cl...', Array, Object(Closure))
#3 C:\\2023\\DEVinHOUSE\\laravel\\sem08.Robert\\laravel-pets-api-controllers\\api_pets\\vendor\\laravel\\framework\\src\\Illuminate\\Database\\Connection.php(569): Illuminate\\Database\\Connection->run('alter table \"cl...', Array, Object(Closure))
#4 C:\\2023\\DEVinHOUSE\\laravel\\sem08.Robert\\laravel-pets-api-controllers\\api_pets\\vendor\\laravel\\framework\\src\\Illuminate\\Database\\Schema\\Blueprint.php(110): Illuminate\\Database\\Connection->statement('alter table \"cl...')
#5 C:\\2023\\DEVinHOUSE\\laravel\\sem08.Robert\\laravel-pets-api-controllers\\api_pets\\vendor\\laravel\\framework\\src\\Illuminate\\Database\\Schema\\Builder.php(493): Illuminate\\Database\\Schema\\Blueprint->build(Object(Illuminate\\Database\\PostgresConnection), Object(Illuminate\\Database\\Schema\\Grammars\\PostgresGrammar))
#6 C:\\2023\\DEVinHOUSE\\laravel\\sem08.Robert\\laravel-pets-api-controllers\\api_pets\\vendor\\laravel\\framework\\src\\Illuminate\\Database\\Schema\\Builder.php(347): Illuminate\\Database\\Schema\\Builder->build(Object(Illuminate\\Database\\Schema\\Blueprint))
#7 C:\\2023\\DEVinHOUSE\\laravel\\sem08.Robert\\laravel-pets-api-controllers\\api_pets\\vendor\\laravel\\framework\\src\\Illuminate\\Support\\Facades\\Facade.php(355): Illuminate\\Database\\Schema\\Builder->create('clients', Object(Closure))
#8 C:\\2023\\DEVinHOUSE\\laravel\\sem08.Robert\\laravel-pets-api-controllers\\api_pets\\database\\migrations\\2023_12_01_210341_create_clients_table.php(17): Illuminate\\Support\\Facades\\Facade::__callStatic('create', Array)
#9 C:\\2023\\DEVinHOUSE\\laravel\\sem08.Robert\\laravel-pets-api-controllers\\api_pets\\vendor\\laravel\\framework\\src\\Illuminate\\Database\\Migrations\\Migrator.php(493): Illuminate\\Database\\Migrations\\Migration@anonymous->up()
#10 C:\\2023\\DEVinHOUSE\\laravel\\sem08.Robert\\laravel-pets-api-controllers\\api_pets\\vendor\\laravel\\framework\\src\\Illuminate\\Database\\Migrations\\Migrator.php(410): Illuminate\\Database\\Migrations\\Migrator->runMethod(Object(Illuminate\\Database\\PostgresConnection), Object(Illuminate\\Database\\Migrations\\Migration@anonymous), 'up')
#11 C:\\2023\\DEVinHOUSE\\laravel\\sem08.Robert\\laravel-pets-api-controllers\\api_pets\\vendor\\laravel\\framework\\src\\Illuminate\\Database\\Concerns\\ManagesTransactions.php(30): Illuminate\\Database\\Migrations\\Migrator->Illuminate\\Database\\Migrations\\{closure}(Object(Illuminate\\Database\\PostgresConnection))
#12 C:\\2023\\DEVinHOUSE\\laravel\\sem08.Robert\\laravel-pets-api-controllers\\api_pets\\vendor\\laravel\\framework\\src\\Illuminate\\Database\\Migrations\\Migrator.php(418): Illuminate\\Database\\Connection->transaction(Object(Closure))
#13 C:\\2023\\DEVinHOUSE\\laravel\\sem08.Robert\\laravel-pets-api-controllers\\api_pets\\vendor\\laravel\\framework\\src\\Illuminate\\Database\\Migrations\\Migrator.php(216): Illuminate\\Database\\Migrations\\Migrator->runMigration(Object(Illuminate\\Database\\Migrations\\Migration@anonymous), 'up')
#14 C:\\2023\\DEVinHOUSE\\laravel\\sem08.Robert\\laravel-pets-api-controllers\\api_pets\\vendor\\laravel\\framework\\src\\Illuminate\\Console\\View\\Components\\Task.php(37): Illuminate\\Database\\Migrations\\Migrator->Illuminate\\Database\\Migrations\\{closure}()
#15 C:\\2023\\DEVinHOUSE\\laravel\\sem08.Robert\\laravel-pets-api-controllers\\api_pets\\vendor\\laravel\\framework\\src\\Illuminate\\Database\\Migrations\\Migrator.php(756): Illuminate\\Console\\View\\Components\\Task->render('2023_12_01_2103...', Object(Closure))
#16 C:\\2023\\DEVinHOUSE\\laravel\\sem08.Robert\\laravel-pets-api-controllers\\api_pets\\vendor\\laravel\\framework\\src\\Illuminate\\Database\\Migrations\\Migrator.php(216): Illuminate\\Database\\Migrations\\Migrator->write('Illuminate\\\\Cons...', '2023_12_01_2103...', Object(Closure))
#17 C:\\2023\\DEVinHOUSE\\laravel\\sem08.Robert\\laravel-pets-api-controllers\\api_pets\\vendor\\laravel\\framework\\src\\Illuminate\\Database\\Migrations\\Migrator.php(181): Illuminate\\Database\\Migrations\\Migrator->runUp('C:\\\\2023\\\\DEVinHO...', 1, false)
#18 C:\\2023\\DEVinHOUSE\\laravel\\sem08.Robert\\laravel-pets-api-controllers\\api_pets\\vendor\\laravel\\framework\\src\\Illuminate\\Database\\Migrations\\Migrator.php(124): Illuminate\\Database\\Migrations\\Migrator->runPending(Array, Array)
#19 C:\\2023\\DEVinHOUSE\\laravel\\sem08.Robert\\laravel-pets-api-controllers\\api_pets\\vendor\\laravel\\framework\\src\\Illuminate\\Database\\Console\\Migrations\\MigrateCommand.php(90): Illuminate\\Database\\Migrations\\Migrator->run(Array, Array)
#20 C:\\2023\\DEVinHOUSE\\laravel\\sem08.Robert\\laravel-pets-api-controllers\\api_pets\\vendor\\laravel\\framework\\src\\Illuminate\\Database\\Migrations\\Migrator.php(633): Illuminate\\Database\\Console\\Migrations\\MigrateCommand->Illuminate\\Database\\Console\\Migrations\\{closure}()
#21 C:\\2023\\DEVinHOUSE\\laravel\\sem08.Robert\\laravel-pets-api-controllers\\api_pets\\vendor\\laravel\\framework\\src\\Illuminate\\Database\\Console\\Migrations\\MigrateCommand.php(83): Illuminate\\Database\\Migrations\\Migrator->usingConnection(NULL, Object(Closure))
#22 C:\\2023\\DEVinHOUSE\\laravel\\sem08.Robert\\laravel-pets-api-controllers\\api_pets\\vendor\\laravel\\framework\\src\\Illuminate\\Container\\BoundMethod.php(36): Illuminate\\Database\\Console\\Migrations\\MigrateCommand->handle()
#23 C:\\2023\\DEVinHOUSE\\laravel\\sem08.Robert\\laravel-pets-api-controllers\\api_pets\\vendor\\laravel\\framework\\src\\Illuminate\\Container\\Util.php(41): Illuminate\\Container\\BoundMethod::Illuminate\\Container\\{closure}()
#24 C:\\2023\\DEVinHOUSE\\laravel\\sem08.Robert\\laravel-pets-api-controllers\\api_pets\\vendor\\laravel\\framework\\src\\Illuminate\\Container\\BoundMethod.php(93): Illuminate\\Container\\Util::unwrapIfClosure(Object(Closure))
#25 C:\\2023\\DEVinHOUSE\\laravel\\sem08.Robert\\laravel-pets-api-controllers\\api_pets\\vendor\\laravel\\framework\\src\\Illuminate\\Container\\BoundMethod.php(35): Illuminate\\Container\\BoundMethod::callBoundMethod(Object(Illuminate\\Foundation\\Application), Array, Object(Closure))
#26 C:\\2023\\DEVinHOUSE\\laravel\\sem08.Robert\\laravel-pets-api-controllers\\api_pets\\vendor\\laravel\\framework\\src\\Illuminate\\Container\\Container.php(662): Illuminate\\Container\\BoundMethod::call(Object(Illuminate\\Foundation\\Application), Array, Array, NULL)
#27 C:\\2023\\DEVinHOUSE\\laravel\\sem08.Robert\\laravel-pets-api-controllers\\api_pets\\vendor\\laravel\\framework\\src\\Illuminate\\Console\\Command.php(211): Illuminate\\Container\\Container->call(Array)
#28 C:\\2023\\DEVinHOUSE\\laravel\\sem08.Robert\\laravel-pets-api-controllers\\api_pets\\vendor\\symfony\\console\\Command\\Command.php(326): Illuminate\\Console\\Command->execute(Object(Symfony\\Component\\Console\\Input\\ArgvInput), Object(Illuminate\\Console\\OutputStyle))
#29 C:\\2023\\DEVinHOUSE\\laravel\\sem08.Robert\\laravel-pets-api-controllers\\api_pets\\vendor\\laravel\\framework\\src\\Illuminate\\Console\\Command.php(180): Symfony\\Component\\Console\\Command\\Command->run(Object(Symfony\\Component\\Console\\Input\\ArgvInput), Object(Illuminate\\Console\\OutputStyle))
#30 C:\\2023\\DEVinHOUSE\\laravel\\sem08.Robert\\laravel-pets-api-controllers\\api_pets\\vendor\\symfony\\console\\Application.php(1096): Illuminate\\Console\\Command->run(Object(Symfony\\Component\\Console\\Input\\ArgvInput), Object(Symfony\\Component\\Console\\Output\\ConsoleOutput))
#31 C:\\2023\\DEVinHOUSE\\laravel\\sem08.Robert\\laravel-pets-api-controllers\\api_pets\\vendor\\symfony\\console\\Application.php(324): Symfony\\Component\\Console\\Application->doRunCommand(Object(Illuminate\\Database\\Console\\Migrations\\MigrateCommand), Object(Symfony\\Component\\Console\\Input\\ArgvInput), Object(Symfony\\Component\\Console\\Output\\ConsoleOutput))
#32 C:\\2023\\DEVinHOUSE\\laravel\\sem08.Robert\\laravel-pets-api-controllers\\api_pets\\vendor\\symfony\\console\\Application.php(175): Symfony\\Component\\Console\\Application->doRun(Object(Symfony\\Component\\Console\\Input\\ArgvInput), Object(Symfony\\Component\\Console\\Output\\ConsoleOutput))
#33 C:\\2023\\DEVinHOUSE\\laravel\\sem08.Robert\\laravel-pets-api-controllers\\api_pets\\vendor\\laravel\\framework\\src\\Illuminate\\Foundation\\Console\\Kernel.php(201): Symfony\\Component\\Console\\Application->run(Object(Symfony\\Component\\Console\\Input\\ArgvInput), Object(Symfony\\Component\\Console\\Output\\ConsoleOutput))
#34 C:\\2023\\DEVinHOUSE\\laravel\\sem08.Robert\\laravel-pets-api-controllers\\api_pets\\artisan(35): Illuminate\\Foundation\\Console\\Kernel->handle(Object(Symfony\\Component\\Console\\Input\\ArgvInput), Object(Symfony\\Component\\Console\\Output\\ConsoleOutput))
#35 {main}
"} 
[2023-12-02 05:12:43] local.ERROR: SQLSTATE[42P01]: Undefined table: 7 ERROR:  relation "peoples" does not exist (Connection: pgsql, SQL: alter table "clients" add constraint "clients_people_id_foreign" foreign key ("people_id") references "peoples" ("id")) {"exception":"[object] (Illuminate\\Database\\QueryException(code: 42P01): SQLSTATE[42P01]: Undefined table: 7 ERROR:  relation \"peoples\" does not exist (Connection: pgsql, SQL: alter table \"clients\" add constraint \"clients_people_id_foreign\" foreign key (\"people_id\") references \"peoples\" (\"id\")) at C:\\2023\\DEVinHOUSE\\laravel\\sem08.Robert\\laravel-pets-api-controllers\\api_pets\\vendor\\laravel\\framework\\src\\Illuminate\\Database\\Connection.php:822)
[stacktrace]
#0 C:\\2023\\DEVinHOUSE\\laravel\\sem08.Robert\\laravel-pets-api-controllers\\api_pets\\vendor\\laravel\\framework\\src\\Illuminate\\Database\\Connection.php(776): Illuminate\\Database\\Connection->runQueryCallback('alter table \"cl...', Array, Object(Closure))
#1 C:\\2023\\DEVinHOUSE\\laravel\\sem08.Robert\\laravel-pets-api-controllers\\api_pets\\vendor\\laravel\\framework\\src\\Illuminate\\Database\\Connection.php(569): Illuminate\\Database\\Connection->run('alter table \"cl...', Array, Object(Closure))
#2 C:\\2023\\DEVinHOUSE\\laravel\\sem08.Robert\\laravel-pets-api-controllers\\api_pets\\vendor\\laravel\\framework\\src\\Illuminate\\Database\\Schema\\Blueprint.php(110): Illuminate\\Database\\Connection->statement('alter table \"cl...')
#3 C:\\2023\\DEVinHOUSE\\laravel\\sem08.Robert\\laravel-pets-api-controllers\\api_pets\\vendor\\laravel\\framework\\src\\Illuminate\\Database\\Schema\\Builder.php(493): Illuminate\\Database\\Schema\\Blueprint->build(Object(Illuminate\\Database\\PostgresConnection), Object(Illuminate\\Database\\Schema\\Grammars\\PostgresGrammar))
#4 C:\\2023\\DEVinHOUSE\\laravel\\sem08.Robert\\laravel-pets-api-controllers\\api_pets\\vendor\\laravel\\framework\\src\\Illuminate\\Database\\Schema\\Builder.php(347): Illuminate\\Database\\Schema\\Builder->build(Object(Illuminate\\Database\\Schema\\Blueprint))
#5 C:\\2023\\DEVinHOUSE\\laravel\\sem08.Robert\\laravel-pets-api-controllers\\api_pets\\vendor\\laravel\\framework\\src\\Illuminate\\Support\\Facades\\Facade.php(355): Illuminate\\Database\\Schema\\Builder->create('clients', Object(Closure))
#6 C:\\2023\\DEVinHOUSE\\laravel\\sem08.Robert\\laravel-pets-api-controllers\\api_pets\\database\\migrations\\2023_12_01_210341_create_clients_table.php(17): Illuminate\\Support\\Facades\\Facade::__callStatic('create', Array)
#7 C:\\2023\\DEVinHOUSE\\laravel\\sem08.Robert\\laravel-pets-api-controllers\\api_pets\\vendor\\laravel\\framework\\src\\Illuminate\\Database\\Migrations\\Migrator.php(493): Illuminate\\Database\\Migrations\\Migration@anonymous->up()
#8 C:\\2023\\DEVinHOUSE\\laravel\\sem08.Robert\\laravel-pets-api-controllers\\api_pets\\vendor\\laravel\\framework\\src\\Illuminate\\Database\\Migrations\\Migrator.php(410): Illuminate\\Database\\Migrations\\Migrator->runMethod(Object(Illuminate\\Database\\PostgresConnection), Object(Illuminate\\Database\\Migrations\\Migration@anonymous), 'up')
#9 C:\\2023\\DEVinHOUSE\\laravel\\sem08.Robert\\laravel-pets-api-controllers\\api_pets\\vendor\\laravel\\framework\\src\\Illuminate\\Database\\Concerns\\ManagesTransactions.php(30): Illuminate\\Database\\Migrations\\Migrator->Illuminate\\Database\\Migrations\\{closure}(Object(Illuminate\\Database\\PostgresConnection))
#10 C:\\2023\\DEVinHOUSE\\laravel\\sem08.Robert\\laravel-pets-api-controllers\\api_pets\\vendor\\laravel\\framework\\src\\Illuminate\\Database\\Migrations\\Migrator.php(418): Illuminate\\Database\\Connection->transaction(Object(Closure))
#11 C:\\2023\\DEVinHOUSE\\laravel\\sem08.Robert\\laravel-pets-api-controllers\\api_pets\\vendor\\laravel\\framework\\src\\Illuminate\\Database\\Migrations\\Migrator.php(216): Illuminate\\Database\\Migrations\\Migrator->runMigration(Object(Illuminate\\Database\\Migrations\\Migration@anonymous), 'up')
#12 C:\\2023\\DEVinHOUSE\\laravel\\sem08.Robert\\laravel-pets-api-controllers\\api_pets\\vendor\\laravel\\framework\\src\\Illuminate\\Console\\View\\Components\\Task.php(37): Illuminate\\Database\\Migrations\\Migrator->Illuminate\\Database\\Migrations\\{closure}()
#13 C:\\2023\\DEVinHOUSE\\laravel\\sem08.Robert\\laravel-pets-api-controllers\\api_pets\\vendor\\laravel\\framework\\src\\Illuminate\\Database\\Migrations\\Migrator.php(756): Illuminate\\Console\\View\\Components\\Task->render('2023_12_01_2103...', Object(Closure))
#14 C:\\2023\\DEVinHOUSE\\laravel\\sem08.Robert\\laravel-pets-api-controllers\\api_pets\\vendor\\laravel\\framework\\src\\Illuminate\\Database\\Migrations\\Migrator.php(216): Illuminate\\Database\\Migrations\\Migrator->write('Illuminate\\\\Cons...', '2023_12_01_2103...', Object(Closure))
#15 C:\\2023\\DEVinHOUSE\\laravel\\sem08.Robert\\laravel-pets-api-controllers\\api_pets\\vendor\\laravel\\framework\\src\\Illuminate\\Database\\Migrations\\Migrator.php(181): Illuminate\\Database\\Migrations\\Migrator->runUp('C:\\\\2023\\\\DEVinHO...', 2, false)
#16 C:\\2023\\DEVinHOUSE\\laravel\\sem08.Robert\\laravel-pets-api-controllers\\api_pets\\vendor\\laravel\\framework\\src\\Illuminate\\Database\\Migrations\\Migrator.php(124): Illuminate\\Database\\Migrations\\Migrator->runPending(Array, Array)
#17 C:\\2023\\DEVinHOUSE\\laravel\\sem08.Robert\\laravel-pets-api-controllers\\api_pets\\vendor\\laravel\\framework\\src\\Illuminate\\Database\\Console\\Migrations\\MigrateCommand.php(90): Illuminate\\Database\\Migrations\\Migrator->run(Array, Array)
#18 C:\\2023\\DEVinHOUSE\\laravel\\sem08.Robert\\laravel-pets-api-controllers\\api_pets\\vendor\\laravel\\framework\\src\\Illuminate\\Database\\Migrations\\Migrator.php(633): Illuminate\\Database\\Console\\Migrations\\MigrateCommand->Illuminate\\Database\\Console\\Migrations\\{closure}()
#19 C:\\2023\\DEVinHOUSE\\laravel\\sem08.Robert\\laravel-pets-api-controllers\\api_pets\\vendor\\laravel\\framework\\src\\Illuminate\\Database\\Console\\Migrations\\MigrateCommand.php(83): Illuminate\\Database\\Migrations\\Migrator->usingConnection(NULL, Object(Closure))
#20 C:\\2023\\DEVinHOUSE\\laravel\\sem08.Robert\\laravel-pets-api-controllers\\api_pets\\vendor\\laravel\\framework\\src\\Illuminate\\Container\\BoundMethod.php(36): Illuminate\\Database\\Console\\Migrations\\MigrateCommand->handle()
#21 C:\\2023\\DEVinHOUSE\\laravel\\sem08.Robert\\laravel-pets-api-controllers\\api_pets\\vendor\\laravel\\framework\\src\\Illuminate\\Container\\Util.php(41): Illuminate\\Container\\BoundMethod::Illuminate\\Container\\{closure}()
#22 C:\\2023\\DEVinHOUSE\\laravel\\sem08.Robert\\laravel-pets-api-controllers\\api_pets\\vendor\\laravel\\framework\\src\\Illuminate\\Container\\BoundMethod.php(93): Illuminate\\Container\\Util::unwrapIfClosure(Object(Closure))
#23 C:\\2023\\DEVinHOUSE\\laravel\\sem08.Robert\\laravel-pets-api-controllers\\api_pets\\vendor\\laravel\\framework\\src\\Illuminate\\Container\\BoundMethod.php(35): Illuminate\\Container\\BoundMethod::callBoundMethod(Object(Illuminate\\Foundation\\Application), Array, Object(Closure))
#24 C:\\2023\\DEVinHOUSE\\laravel\\sem08.Robert\\laravel-pets-api-controllers\\api_pets\\vendor\\laravel\\framework\\src\\Illuminate\\Container\\Container.php(662): Illuminate\\Container\\BoundMethod::call(Object(Illuminate\\Foundation\\Application), Array, Array, NULL)
#25 C:\\2023\\DEVinHOUSE\\laravel\\sem08.Robert\\laravel-pets-api-controllers\\api_pets\\vendor\\laravel\\framework\\src\\Illuminate\\Console\\Command.php(211): Illuminate\\Container\\Container->call(Array)
#26 C:\\2023\\DEVinHOUSE\\laravel\\sem08.Robert\\laravel-pets-api-controllers\\api_pets\\vendor\\symfony\\console\\Command\\Command.php(326): Illuminate\\Console\\Command->execute(Object(Symfony\\Component\\Console\\Input\\ArgvInput), Object(Illuminate\\Console\\OutputStyle))
#27 C:\\2023\\DEVinHOUSE\\laravel\\sem08.Robert\\laravel-pets-api-controllers\\api_pets\\vendor\\laravel\\framework\\src\\Illuminate\\Console\\Command.php(180): Symfony\\Component\\Console\\Command\\Command->run(Object(Symfony\\Component\\Console\\Input\\ArgvInput), Object(Illuminate\\Console\\OutputStyle))
#28 C:\\2023\\DEVinHOUSE\\laravel\\sem08.Robert\\laravel-pets-api-controllers\\api_pets\\vendor\\symfony\\console\\Application.php(1096): Illuminate\\Console\\Command->run(Object(Symfony\\Component\\Console\\Input\\ArgvInput), Object(Symfony\\Component\\Console\\Output\\ConsoleOutput))
#29 C:\\2023\\DEVinHOUSE\\laravel\\sem08.Robert\\laravel-pets-api-controllers\\api_pets\\vendor\\symfony\\console\\Application.php(324): Symfony\\Component\\Console\\Application->doRunCommand(Object(Illuminate\\Database\\Console\\Migrations\\MigrateCommand), Object(Symfony\\Component\\Console\\Input\\ArgvInput), Object(Symfony\\Component\\Console\\Output\\ConsoleOutput))
#30 C:\\2023\\DEVinHOUSE\\laravel\\sem08.Robert\\laravel-pets-api-controllers\\api_pets\\vendor\\symfony\\console\\Application.php(175): Symfony\\Component\\Console\\Application->doRun(Object(Symfony\\Component\\Console\\Input\\ArgvInput), Object(Symfony\\Component\\Console\\Output\\ConsoleOutput))
#31 C:\\2023\\DEVinHOUSE\\laravel\\sem08.Robert\\laravel-pets-api-controllers\\api_pets\\vendor\\laravel\\framework\\src\\Illuminate\\Foundation\\Console\\Kernel.php(201): Symfony\\Component\\Console\\Application->run(Object(Symfony\\Component\\Console\\Input\\ArgvInput), Object(Symfony\\Component\\Console\\Output\\ConsoleOutput))
#32 C:\\2023\\DEVinHOUSE\\laravel\\sem08.Robert\\laravel-pets-api-controllers\\api_pets\\artisan(35): Illuminate\\Foundation\\Console\\Kernel->handle(Object(Symfony\\Component\\Console\\Input\\ArgvInput), Object(Symfony\\Component\\Console\\Output\\ConsoleOutput))
#33 {main}

[previous exception] [object] (PDOException(code: 42P01): SQLSTATE[42P01]: Undefined table: 7 ERROR:  relation \"peoples\" does not exist at C:\\2023\\DEVinHOUSE\\laravel\\sem08.Robert\\laravel-pets-api-controllers\\api_pets\\vendor\\laravel\\framework\\src\\Illuminate\\Database\\Connection.php:580)
[stacktrace]
#0 C:\\2023\\DEVinHOUSE\\laravel\\sem08.Robert\\laravel-pets-api-controllers\\api_pets\\vendor\\laravel\\framework\\src\\Illuminate\\Database\\Connection.php(580): PDOStatement->execute()
#1 C:\\2023\\DEVinHOUSE\\laravel\\sem08.Robert\\laravel-pets-api-controllers\\api_pets\\vendor\\laravel\\framework\\src\\Illuminate\\Database\\Connection.php(809): Illuminate\\Database\\Connection->Illuminate\\Database\\{closure}('alter table \"cl...', Array)
#2 C:\\2023\\DEVinHOUSE\\laravel\\sem08.Robert\\laravel-pets-api-controllers\\api_pets\\vendor\\laravel\\framework\\src\\Illuminate\\Database\\Connection.php(776): Illuminate\\Database\\Connection->runQueryCallback('alter table \"cl...', Array, Object(Closure))
#3 C:\\2023\\DEVinHOUSE\\laravel\\sem08.Robert\\laravel-pets-api-controllers\\api_pets\\vendor\\laravel\\framework\\src\\Illuminate\\Database\\Connection.php(569): Illuminate\\Database\\Connection->run('alter table \"cl...', Array, Object(Closure))
#4 C:\\2023\\DEVinHOUSE\\laravel\\sem08.Robert\\laravel-pets-api-controllers\\api_pets\\vendor\\laravel\\framework\\src\\Illuminate\\Database\\Schema\\Blueprint.php(110): Illuminate\\Database\\Connection->statement('alter table \"cl...')
#5 C:\\2023\\DEVinHOUSE\\laravel\\sem08.Robert\\laravel-pets-api-controllers\\api_pets\\vendor\\laravel\\framework\\src\\Illuminate\\Database\\Schema\\Builder.php(493): Illuminate\\Database\\Schema\\Blueprint->build(Object(Illuminate\\Database\\PostgresConnection), Object(Illuminate\\Database\\Schema\\Grammars\\PostgresGrammar))
#6 C:\\2023\\DEVinHOUSE\\laravel\\sem08.Robert\\laravel-pets-api-controllers\\api_pets\\vendor\\laravel\\framework\\src\\Illuminate\\Database\\Schema\\Builder.php(347): Illuminate\\Database\\Schema\\Builder->build(Object(Illuminate\\Database\\Schema\\Blueprint))
#7 C:\\2023\\DEVinHOUSE\\laravel\\sem08.Robert\\laravel-pets-api-controllers\\api_pets\\vendor\\laravel\\framework\\src\\Illuminate\\Support\\Facades\\Facade.php(355): Illuminate\\Database\\Schema\\Builder->create('clients', Object(Closure))
#8 C:\\2023\\DEVinHOUSE\\laravel\\sem08.Robert\\laravel-pets-api-controllers\\api_pets\\database\\migrations\\2023_12_01_210341_create_clients_table.php(17): Illuminate\\Support\\Facades\\Facade::__callStatic('create', Array)
#9 C:\\2023\\DEVinHOUSE\\laravel\\sem08.Robert\\laravel-pets-api-controllers\\api_pets\\vendor\\laravel\\framework\\src\\Illuminate\\Database\\Migrations\\Migrator.php(493): Illuminate\\Database\\Migrations\\Migration@anonymous->up()
#10 C:\\2023\\DEVinHOUSE\\laravel\\sem08.Robert\\laravel-pets-api-controllers\\api_pets\\vendor\\laravel\\framework\\src\\Illuminate\\Database\\Migrations\\Migrator.php(410): Illuminate\\Database\\Migrations\\Migrator->runMethod(Object(Illuminate\\Database\\PostgresConnection), Object(Illuminate\\Database\\Migrations\\Migration@anonymous), 'up')
#11 C:\\2023\\DEVinHOUSE\\laravel\\sem08.Robert\\laravel-pets-api-controllers\\api_pets\\vendor\\laravel\\framework\\src\\Illuminate\\Database\\Concerns\\ManagesTransactions.php(30): Illuminate\\Database\\Migrations\\Migrator->Illuminate\\Database\\Migrations\\{closure}(Object(Illuminate\\Database\\PostgresConnection))
#12 C:\\2023\\DEVinHOUSE\\laravel\\sem08.Robert\\laravel-pets-api-controllers\\api_pets\\vendor\\laravel\\framework\\src\\Illuminate\\Database\\Migrations\\Migrator.php(418): Illuminate\\Database\\Connection->transaction(Object(Closure))
#13 C:\\2023\\DEVinHOUSE\\laravel\\sem08.Robert\\laravel-pets-api-controllers\\api_pets\\vendor\\laravel\\framework\\src\\Illuminate\\Database\\Migrations\\Migrator.php(216): Illuminate\\Database\\Migrations\\Migrator->runMigration(Object(Illuminate\\Database\\Migrations\\Migration@anonymous), 'up')
#14 C:\\2023\\DEVinHOUSE\\laravel\\sem08.Robert\\laravel-pets-api-controllers\\api_pets\\vendor\\laravel\\framework\\src\\Illuminate\\Console\\View\\Components\\Task.php(37): Illuminate\\Database\\Migrations\\Migrator->Illuminate\\Database\\Migrations\\{closure}()
#15 C:\\2023\\DEVinHOUSE\\laravel\\sem08.Robert\\laravel-pets-api-controllers\\api_pets\\vendor\\laravel\\framework\\src\\Illuminate\\Database\\Migrations\\Migrator.php(756): Illuminate\\Console\\View\\Components\\Task->render('2023_12_01_2103...', Object(Closure))
#16 C:\\2023\\DEVinHOUSE\\laravel\\sem08.Robert\\laravel-pets-api-controllers\\api_pets\\vendor\\laravel\\framework\\src\\Illuminate\\Database\\Migrations\\Migrator.php(216): Illuminate\\Database\\Migrations\\Migrator->write('Illuminate\\\\Cons...', '2023_12_01_2103...', Object(Closure))
#17 C:\\2023\\DEVinHOUSE\\laravel\\sem08.Robert\\laravel-pets-api-controllers\\api_pets\\vendor\\laravel\\framework\\src\\Illuminate\\Database\\Migrations\\Migrator.php(181): Illuminate\\Database\\Migrations\\Migrator->runUp('C:\\\\2023\\\\DEVinHO...', 2, false)
#18 C:\\2023\\DEVinHOUSE\\laravel\\sem08.Robert\\laravel-pets-api-controllers\\api_pets\\vendor\\laravel\\framework\\src\\Illuminate\\Database\\Migrations\\Migrator.php(124): Illuminate\\Database\\Migrations\\Migrator->runPending(Array, Array)
#19 C:\\2023\\DEVinHOUSE\\laravel\\sem08.Robert\\laravel-pets-api-controllers\\api_pets\\vendor\\laravel\\framework\\src\\Illuminate\\Database\\Console\\Migrations\\MigrateCommand.php(90): Illuminate\\Database\\Migrations\\Migrator->run(Array, Array)
#20 C:\\2023\\DEVinHOUSE\\laravel\\sem08.Robert\\laravel-pets-api-controllers\\api_pets\\vendor\\laravel\\framework\\src\\Illuminate\\Database\\Migrations\\Migrator.php(633): Illuminate\\Database\\Console\\Migrations\\MigrateCommand->Illuminate\\Database\\Console\\Migrations\\{closure}()
#21 C:\\2023\\DEVinHOUSE\\laravel\\sem08.Robert\\laravel-pets-api-controllers\\api_pets\\vendor\\laravel\\framework\\src\\Illuminate\\Database\\Console\\Migrations\\MigrateCommand.php(83): Illuminate\\Database\\Migrations\\Migrator->usingConnection(NULL, Object(Closure))
#22 C:\\2023\\DEVinHOUSE\\laravel\\sem08.Robert\\laravel-pets-api-controllers\\api_pets\\vendor\\laravel\\framework\\src\\Illuminate\\Container\\BoundMethod.php(36): Illuminate\\Database\\Console\\Migrations\\MigrateCommand->handle()
#23 C:\\2023\\DEVinHOUSE\\laravel\\sem08.Robert\\laravel-pets-api-controllers\\api_pets\\vendor\\laravel\\framework\\src\\Illuminate\\Container\\Util.php(41): Illuminate\\Container\\BoundMethod::Illuminate\\Container\\{closure}()
#24 C:\\2023\\DEVinHOUSE\\laravel\\sem08.Robert\\laravel-pets-api-controllers\\api_pets\\vendor\\laravel\\framework\\src\\Illuminate\\Container\\BoundMethod.php(93): Illuminate\\Container\\Util::unwrapIfClosure(Object(Closure))
#25 C:\\2023\\DEVinHOUSE\\laravel\\sem08.Robert\\laravel-pets-api-controllers\\api_pets\\vendor\\laravel\\framework\\src\\Illuminate\\Container\\BoundMethod.php(35): Illuminate\\Container\\BoundMethod::callBoundMethod(Object(Illuminate\\Foundation\\Application), Array, Object(Closure))
#26 C:\\2023\\DEVinHOUSE\\laravel\\sem08.Robert\\laravel-pets-api-controllers\\api_pets\\vendor\\laravel\\framework\\src\\Illuminate\\Container\\Container.php(662): Illuminate\\Container\\BoundMethod::call(Object(Illuminate\\Foundation\\Application), Array, Array, NULL)
#27 C:\\2023\\DEVinHOUSE\\laravel\\sem08.Robert\\laravel-pets-api-controllers\\api_pets\\vendor\\laravel\\framework\\src\\Illuminate\\Console\\Command.php(211): Illuminate\\Container\\Container->call(Array)
#28 C:\\2023\\DEVinHOUSE\\laravel\\sem08.Robert\\laravel-pets-api-controllers\\api_pets\\vendor\\symfony\\console\\Command\\Command.php(326): Illuminate\\Console\\Command->execute(Object(Symfony\\Component\\Console\\Input\\ArgvInput), Object(Illuminate\\Console\\OutputStyle))
#29 C:\\2023\\DEVinHOUSE\\laravel\\sem08.Robert\\laravel-pets-api-controllers\\api_pets\\vendor\\laravel\\framework\\src\\Illuminate\\Console\\Command.php(180): Symfony\\Component\\Console\\Command\\Command->run(Object(Symfony\\Component\\Console\\Input\\ArgvInput), Object(Illuminate\\Console\\OutputStyle))
#30 C:\\2023\\DEVinHOUSE\\laravel\\sem08.Robert\\laravel-pets-api-controllers\\api_pets\\vendor\\symfony\\console\\Application.php(1096): Illuminate\\Console\\Command->run(Object(Symfony\\Component\\Console\\Input\\ArgvInput), Object(Symfony\\Component\\Console\\Output\\ConsoleOutput))
#31 C:\\2023\\DEVinHOUSE\\laravel\\sem08.Robert\\laravel-pets-api-controllers\\api_pets\\vendor\\symfony\\console\\Application.php(324): Symfony\\Component\\Console\\Application->doRunCommand(Object(Illuminate\\Database\\Console\\Migrations\\MigrateCommand), Object(Symfony\\Component\\Console\\Input\\ArgvInput), Object(Symfony\\Component\\Console\\Output\\ConsoleOutput))
#32 C:\\2023\\DEVinHOUSE\\laravel\\sem08.Robert\\laravel-pets-api-controllers\\api_pets\\vendor\\symfony\\console\\Application.php(175): Symfony\\Component\\Console\\Application->doRun(Object(Symfony\\Component\\Console\\Input\\ArgvInput), Object(Symfony\\Component\\Console\\Output\\ConsoleOutput))
#33 C:\\2023\\DEVinHOUSE\\laravel\\sem08.Robert\\laravel-pets-api-controllers\\api_pets\\vendor\\laravel\\framework\\src\\Illuminate\\Foundation\\Console\\Kernel.php(201): Symfony\\Component\\Console\\Application->run(Object(Symfony\\Component\\Console\\Input\\ArgvInput), Object(Symfony\\Component\\Console\\Output\\ConsoleOutput))
#34 C:\\2023\\DEVinHOUSE\\laravel\\sem08.Robert\\laravel-pets-api-controllers\\api_pets\\artisan(35): Illuminate\\Foundation\\Console\\Kernel->handle(Object(Symfony\\Component\\Console\\Input\\ArgvInput), Object(Symfony\\Component\\Console\\Output\\ConsoleOutput))
#35 {main}
"} 
[2023-12-03 01:45:26] local.ERROR: The "--columns" option does not exist. {"exception":"[object] (Symfony\\Component\\Console\\Exception\\RuntimeException(code: 0): The \"--columns\" option does not exist. at C:\\2023\\DEVinHOUSE\\laravel\\sem08.Robert\\laravel-pets-api-controllers\\api_pets\\vendor\\symfony\\console\\Input\\ArgvInput.php:223)
[stacktrace]
#0 C:\\2023\\DEVinHOUSE\\laravel\\sem08.Robert\\laravel-pets-api-controllers\\api_pets\\vendor\\symfony\\console\\Input\\ArgvInput.php(150): Symfony\\Component\\Console\\Input\\ArgvInput->addLongOption('columns', 'name,action')
#1 C:\\2023\\DEVinHOUSE\\laravel\\sem08.Robert\\laravel-pets-api-controllers\\api_pets\\vendor\\symfony\\console\\Input\\ArgvInput.php(85): Symfony\\Component\\Console\\Input\\ArgvInput->parseLongOption('--columns=name,...')
#2 C:\\2023\\DEVinHOUSE\\laravel\\sem08.Robert\\laravel-pets-api-controllers\\api_pets\\vendor\\symfony\\console\\Input\\ArgvInput.php(74): Symfony\\Component\\Console\\Input\\ArgvInput->parseToken('--columns=name,...', true)
#3 C:\\2023\\DEVinHOUSE\\laravel\\sem08.Robert\\laravel-pets-api-controllers\\api_pets\\vendor\\symfony\\console\\Input\\Input.php(56): Symfony\\Component\\Console\\Input\\ArgvInput->parse()
#4 C:\\2023\\DEVinHOUSE\\laravel\\sem08.Robert\\laravel-pets-api-controllers\\api_pets\\vendor\\symfony\\console\\Command\\Command.php(285): Symfony\\Component\\Console\\Input\\Input->bind(Object(Symfony\\Component\\Console\\Input\\InputDefinition))
#5 C:\\2023\\DEVinHOUSE\\laravel\\sem08.Robert\\laravel-pets-api-controllers\\api_pets\\vendor\\laravel\\framework\\src\\Illuminate\\Console\\Command.php(180): Symfony\\Component\\Console\\Command\\Command->run(Object(Symfony\\Component\\Console\\Input\\ArgvInput), Object(Illuminate\\Console\\OutputStyle))
#6 C:\\2023\\DEVinHOUSE\\laravel\\sem08.Robert\\laravel-pets-api-controllers\\api_pets\\vendor\\symfony\\console\\Application.php(1096): Illuminate\\Console\\Command->run(Object(Symfony\\Component\\Console\\Input\\ArgvInput), Object(Symfony\\Component\\Console\\Output\\ConsoleOutput))
#7 C:\\2023\\DEVinHOUSE\\laravel\\sem08.Robert\\laravel-pets-api-controllers\\api_pets\\vendor\\symfony\\console\\Application.php(324): Symfony\\Component\\Console\\Application->doRunCommand(Object(Illuminate\\Foundation\\Console\\RouteListCommand), Object(Symfony\\Component\\Console\\Input\\ArgvInput), Object(Symfony\\Component\\Console\\Output\\ConsoleOutput))
#8 C:\\2023\\DEVinHOUSE\\laravel\\sem08.Robert\\laravel-pets-api-controllers\\api_pets\\vendor\\symfony\\console\\Application.php(175): Symfony\\Component\\Console\\Application->doRun(Object(Symfony\\Component\\Console\\Input\\ArgvInput), Object(Symfony\\Component\\Console\\Output\\ConsoleOutput))
#9 C:\\2023\\DEVinHOUSE\\laravel\\sem08.Robert\\laravel-pets-api-controllers\\api_pets\\vendor\\laravel\\framework\\src\\Illuminate\\Foundation\\Console\\Kernel.php(201): Symfony\\Component\\Console\\Application->run(Object(Symfony\\Component\\Console\\Input\\ArgvInput), Object(Symfony\\Component\\Console\\Output\\ConsoleOutput))
#10 C:\\2023\\DEVinHOUSE\\laravel\\sem08.Robert\\laravel-pets-api-controllers\\api_pets\\artisan(35): Illuminate\\Foundation\\Console\\Kernel->handle(Object(Symfony\\Component\\Console\\Input\\ArgvInput), Object(Symfony\\Component\\Console\\Output\\ConsoleOutput))
#11 {main}
"} 
